This is pdfTeX, Version 3.14159265-2.6-1.40.21 (MiKTeX 20.10) (preloaded format=pdflatex 2021.8.19)  20 OCT 2021 23:48
entering extended mode
**c:/Users/franc/Downloads/tesi-pinesu-master(2)/tesi-pinesu-master/Presentazione/Presentazione.tex
(c:/Users/franc/Downloads/tesi-pinesu-master(2)/tesi-pinesu-master/Presentazione/Presentazione.tex
LaTeX2e <2020-10-01> patch level 1
L3 programming layer <2020-10-05> xparse <2020-03-03> ("D:\Program Files\MiKTeX\tex/latex/beamer\beamer.cls"
Document Class: beamer 2021/05/26 v3.63 A class for typesetting presentations
("D:\Program Files\MiKTeX\tex/latex/beamer\beamerbasemodes.sty" ("D:\Program Files\MiKTeX\tex/latex/etoolbox\etoolbox.sty"
Package: etoolbox 2020/10/05 v2.5k e-TeX tools for LaTeX (JAW)
\etb@tempcnta=\count175
)
\beamer@tempbox=\box47
\beamer@tempcount=\count176
\c@beamerpauses=\count177
 ("D:\Program Files\MiKTeX\tex/latex/beamer\beamerbasedecode.sty"
\beamer@slideinframe=\count178
\beamer@minimum=\count179
\beamer@decode@box=\box48
)
\beamer@commentbox=\box49
\beamer@modecount=\count180
) ("D:\Program Files\MiKTeX\tex/generic/iftex\ifpdf.sty"
Package: ifpdf 2019/10/25 v3.4 ifpdf legacy package. Use iftex instead.
 ("D:\Program Files\MiKTeX\tex/generic/iftex\iftex.sty"
Package: iftex 2020/03/06 v1.0d TeX engine tests
))
\headdp=\dimen138
\footheight=\dimen139
\sidebarheight=\dimen140
\beamer@tempdim=\dimen141
\beamer@finalheight=\dimen142
\beamer@animht=\dimen143
\beamer@animdp=\dimen144
\beamer@animwd=\dimen145
\beamer@leftmargin=\dimen146
\beamer@rightmargin=\dimen147
\beamer@leftsidebar=\dimen148
\beamer@rightsidebar=\dimen149
\beamer@boxsize=\dimen150
\beamer@vboxoffset=\dimen151
\beamer@descdefault=\dimen152
\beamer@descriptionwidth=\dimen153
\beamer@lastskip=\skip47
\beamer@areabox=\box50
\beamer@animcurrent=\box51
\beamer@animshowbox=\box52
\beamer@sectionbox=\box53
\beamer@logobox=\box54
\beamer@linebox=\box55
\beamer@sectioncount=\count181
\beamer@subsubsectionmax=\count182
\beamer@subsectionmax=\count183
\beamer@sectionmax=\count184
\beamer@totalheads=\count185
\beamer@headcounter=\count186
\beamer@partstartpage=\count187
\beamer@sectionstartpage=\count188
\beamer@subsectionstartpage=\count189
\beamer@animationtempa=\count190
\beamer@animationtempb=\count191
\beamer@xpos=\count192
\beamer@ypos=\count193
\beamer@ypos@offset=\count194
\beamer@showpartnumber=\count195
\beamer@currentsubsection=\count196
\beamer@coveringdepth=\count197
\beamer@sectionadjust=\count198
\beamer@toclastsection=\count199
\beamer@tocsectionnumber=\count266
 ("D:\Program Files\MiKTeX\tex/latex/beamer\beamerbaseoptions.sty" ("D:\Program Files\MiKTeX\tex/latex/graphics\keyval.sty"
Package: keyval 2014/10/28 v1.15 key=value parser (DPC)
\KV@toks@=\toks15
))
\beamer@paperwidth=\skip48
\beamer@paperheight=\skip49
 ("D:\Program Files\MiKTeX\tex/latex/geometry\geometry.sty"
Package: geometry 2020/01/02 v5.9 Page Geometry
 ("D:\Program Files\MiKTeX\tex/generic/iftex\ifvtex.sty"
Package: ifvtex 2019/10/25 v1.7 ifvtex legacy package. Use iftex instead.
)
\Gm@cnth=\count267
\Gm@cntv=\count268
\c@Gm@tempcnt=\count269
\Gm@bindingoffset=\dimen154
\Gm@wd@mp=\dimen155
\Gm@odd@mp=\dimen156
\Gm@even@mp=\dimen157
\Gm@layoutwidth=\dimen158
\Gm@layoutheight=\dimen159
\Gm@layouthoffset=\dimen160
\Gm@layoutvoffset=\dimen161
\Gm@dimlist=\toks16
 ("D:\Program Files\MiKTeX\tex/latex/geometry\geometry.cfg")) ("D:\Program Files\MiKTeX\tex/latex/base\size11.clo"
File: size11.clo 2020/04/10 v1.4m Standard LaTeX file (size option)
) ("D:\Program Files\MiKTeX\tex/latex/pgf/basiclayer\pgfcore.sty" ("D:\Program Files\MiKTeX\tex/latex/graphics\graphicx.sty"
Package: graphicx 2020/09/09 v1.2b Enhanced LaTeX Graphics (DPC,SPQR)
 ("D:\Program Files\MiKTeX\tex/latex/graphics\graphics.sty"
Package: graphics 2020/08/30 v1.4c Standard LaTeX Graphics (DPC,SPQR)
 ("D:\Program Files\MiKTeX\tex/latex/graphics\trig.sty"
Package: trig 2016/01/03 v1.10 sin cos tan (DPC)
) ("D:\Program Files\MiKTeX\tex/latex/graphics-cfg\graphics.cfg"
File: graphics.cfg 2016/06/04 v1.11 sample graphics configuration
)
Package graphics Info: Driver file: pdftex.def on input line 105.
 ("D:\Program Files\MiKTeX\tex/latex/graphics-def\pdftex.def"
File: pdftex.def 2020/10/05 v1.2a Graphics/color driver for pdftex
))
\Gin@req@height=\dimen162
\Gin@req@width=\dimen163
) ("D:\Program Files\MiKTeX\tex/latex/pgf/systemlayer\pgfsys.sty" ("D:\Program Files\MiKTeX\tex/latex/pgf/utilities\pgfrcs.sty" ("D:\Program Files\MiKTeX\tex/generic/pgf/utilities\pgfutil-common.tex"
\pgfutil@everybye=\toks17
\pgfutil@tempdima=\dimen164
\pgfutil@tempdimb=\dimen165
 ("D:\Program Files\MiKTeX\tex/generic/pgf/utilities\pgfutil-common-lists.tex")) ("D:\Program Files\MiKTeX\tex/generic/pgf/utilities\pgfutil-latex.def"
\pgfutil@abb=\box56
) ("D:\Program Files\MiKTeX\tex/generic/pgf/utilities\pgfrcs.code.tex" ("D:\Program Files\MiKTeX\tex/generic/pgf\pgf.revision.tex")
Package: pgfrcs 2020/10/01 v3.1.6a (3.1.6a)
)) ("D:\Program Files\MiKTeX\tex/generic/pgf/systemlayer\pgfsys.code.tex"
Package: pgfsys 2020/10/01 v3.1.6a (3.1.6a)
 ("D:\Program Files\MiKTeX\tex/generic/pgf/utilities\pgfkeys.code.tex"
\pgfkeys@pathtoks=\toks18
\pgfkeys@temptoks=\toks19
 ("D:\Program Files\MiKTeX\tex/generic/pgf/utilities\pgfkeysfiltered.code.tex"
\pgfkeys@tmptoks=\toks20
))
\pgf@x=\dimen166
\pgf@y=\dimen167
\pgf@xa=\dimen168
\pgf@ya=\dimen169
\pgf@xb=\dimen170
\pgf@yb=\dimen171
\pgf@xc=\dimen172
\pgf@yc=\dimen173
\pgf@xd=\dimen174
\pgf@yd=\dimen175
\w@pgf@writea=\write3
\r@pgf@reada=\read2
\c@pgf@counta=\count270
\c@pgf@countb=\count271
\c@pgf@countc=\count272
\c@pgf@countd=\count273
\t@pgf@toka=\toks21
\t@pgf@tokb=\toks22
\t@pgf@tokc=\toks23
\pgf@sys@id@count=\count274
 ("D:\Program Files\MiKTeX\tex/generic/pgf/systemlayer\pgf.cfg"
File: pgf.cfg 2020/10/01 v3.1.6a (3.1.6a)
)
Driver file for pgf: pgfsys-pdftex.def
 ("D:\Program Files\MiKTeX\tex/generic/pgf/systemlayer\pgfsys-pdftex.def"
File: pgfsys-pdftex.def 2020/10/01 v3.1.6a (3.1.6a)
 ("D:\Program Files\MiKTeX\tex/generic/pgf/systemlayer\pgfsys-common-pdf.def"
File: pgfsys-common-pdf.def 2020/10/01 v3.1.6a (3.1.6a)
))) ("D:\Program Files\MiKTeX\tex/generic/pgf/systemlayer\pgfsyssoftpath.code.tex"
File: pgfsyssoftpath.code.tex 2020/10/01 v3.1.6a (3.1.6a)
\pgfsyssoftpath@smallbuffer@items=\count275
\pgfsyssoftpath@bigbuffer@items=\count276
) ("D:\Program Files\MiKTeX\tex/generic/pgf/systemlayer\pgfsysprotocol.code.tex"
File: pgfsysprotocol.code.tex 2020/10/01 v3.1.6a (3.1.6a)
)) ("D:\Program Files\MiKTeX\tex/latex/xcolor\xcolor.sty"
Package: xcolor 2016/05/11 v2.12 LaTeX color extensions (UK)
 ("D:\Program Files\MiKTeX\tex/latex/graphics-cfg\color.cfg"
File: color.cfg 2016/01/02 v1.6 sample color configuration
)
Package xcolor Info: Driver file: pdftex.def on input line 225.
Package xcolor Info: Model `cmy' substituted by `cmy0' on input line 1348.
Package xcolor Info: Model `hsb' substituted by `rgb' on input line 1352.
Package xcolor Info: Model `RGB' extended on input line 1364.
Package xcolor Info: Model `HTML' substituted by `rgb' on input line 1366.
Package xcolor Info: Model `Hsb' substituted by `hsb' on input line 1367.
Package xcolor Info: Model `tHsb' substituted by `hsb' on input line 1368.
Package xcolor Info: Model `HSB' substituted by `hsb' on input line 1369.
Package xcolor Info: Model `Gray' substituted by `gray' on input line 1370.
Package xcolor Info: Model `wave' substituted by `hsb' on input line 1371.
) ("D:\Program Files\MiKTeX\tex/generic/pgf/basiclayer\pgfcore.code.tex"
Package: pgfcore 2020/10/01 v3.1.6a (3.1.6a)
 ("D:\Program Files\MiKTeX\tex/generic/pgf/math\pgfmath.code.tex" ("D:\Program Files\MiKTeX\tex/generic/pgf/math\pgfmathcalc.code.tex" ("D:\Program Files\MiKTeX\tex/generic/pgf/math\pgfmathutil.code.tex") ("D:\Program Files\MiKTeX\tex/generic/pgf/math\pgfmathparser.code.tex"
\pgfmath@dimen=\dimen176
\pgfmath@count=\count277
\pgfmath@box=\box57
\pgfmath@toks=\toks24
\pgfmath@stack@operand=\toks25
\pgfmath@stack@operation=\toks26
) ("D:\Program Files\MiKTeX\tex/generic/pgf/math\pgfmathfunctions.code.tex" ("D:\Program Files\MiKTeX\tex/generic/pgf/math\pgfmathfunctions.basic.code.tex") ("D:\Program Files\MiKTeX\tex/generic/pgf/math\pgfmathfunctions.trigonometric.code.tex") ("D:\Program Files\MiKTeX\tex/generic/pgf/math\pgfmathfunctions.random.code.tex") ("D:\Program Files\MiKTeX\tex/generic/pgf/math\pgfmathfunctions.comparison.code.tex") ("D:\Program Files\MiKTeX\tex/generic/pgf/math\pgfmathfunctions.base.code.tex") ("D:\Program Files\MiKTeX\tex/generic/pgf/math\pgfmathfunctions.round.code.tex") ("D:\Program Files\MiKTeX\tex/generic/pgf/math\pgfmathfunctions.misc.code.tex") ("D:\Program Files\MiKTeX\tex/generic/pgf/math\pgfmathfunctions.integerarithmetics.code.tex"))) ("D:\Program Files\MiKTeX\tex/generic/pgf/math\pgfmathfloat.code.tex"
\c@pgfmathroundto@lastzeros=\count278
)) ("D:\Program Files\MiKTeX\tex/generic/pgf/math\pgfint.code.tex") ("D:\Program Files\MiKTeX\tex/generic/pgf/basiclayer\pgfcorepoints.code.tex"
File: pgfcorepoints.code.tex 2020/10/01 v3.1.6a (3.1.6a)
\pgf@picminx=\dimen177
\pgf@picmaxx=\dimen178
\pgf@picminy=\dimen179
\pgf@picmaxy=\dimen180
\pgf@pathminx=\dimen181
\pgf@pathmaxx=\dimen182
\pgf@pathminy=\dimen183
\pgf@pathmaxy=\dimen184
\pgf@xx=\dimen185
\pgf@xy=\dimen186
\pgf@yx=\dimen187
\pgf@yy=\dimen188
\pgf@zx=\dimen189
\pgf@zy=\dimen190
) ("D:\Program Files\MiKTeX\tex/generic/pgf/basiclayer\pgfcorepathconstruct.code.tex"
File: pgfcorepathconstruct.code.tex 2020/10/01 v3.1.6a (3.1.6a)
\pgf@path@lastx=\dimen191
\pgf@path@lasty=\dimen192
) ("D:\Program Files\MiKTeX\tex/generic/pgf/basiclayer\pgfcorepathusage.code.tex"
File: pgfcorepathusage.code.tex 2020/10/01 v3.1.6a (3.1.6a)
\pgf@shorten@end@additional=\dimen193
\pgf@shorten@start@additional=\dimen194
) ("D:\Program Files\MiKTeX\tex/generic/pgf/basiclayer\pgfcorescopes.code.tex"
File: pgfcorescopes.code.tex 2020/10/01 v3.1.6a (3.1.6a)
\pgfpic=\box58
\pgf@hbox=\box59
\pgf@layerbox@main=\box60
\pgf@picture@serial@count=\count279
) ("D:\Program Files\MiKTeX\tex/generic/pgf/basiclayer\pgfcoregraphicstate.code.tex"
File: pgfcoregraphicstate.code.tex 2020/10/01 v3.1.6a (3.1.6a)
\pgflinewidth=\dimen195
) ("D:\Program Files\MiKTeX\tex/generic/pgf/basiclayer\pgfcoretransformations.code.tex"
File: pgfcoretransformations.code.tex 2020/10/01 v3.1.6a (3.1.6a)
\pgf@pt@x=\dimen196
\pgf@pt@y=\dimen197
\pgf@pt@temp=\dimen198
) ("D:\Program Files\MiKTeX\tex/generic/pgf/basiclayer\pgfcorequick.code.tex"
File: pgfcorequick.code.tex 2020/10/01 v3.1.6a (3.1.6a)
) ("D:\Program Files\MiKTeX\tex/generic/pgf/basiclayer\pgfcoreobjects.code.tex"
File: pgfcoreobjects.code.tex 2020/10/01 v3.1.6a (3.1.6a)
) ("D:\Program Files\MiKTeX\tex/generic/pgf/basiclayer\pgfcorepathprocessing.code.tex"
File: pgfcorepathprocessing.code.tex 2020/10/01 v3.1.6a (3.1.6a)
) ("D:\Program Files\MiKTeX\tex/generic/pgf/basiclayer\pgfcorearrows.code.tex"
File: pgfcorearrows.code.tex 2020/10/01 v3.1.6a (3.1.6a)
\pgfarrowsep=\dimen199
) ("D:\Program Files\MiKTeX\tex/generic/pgf/basiclayer\pgfcoreshade.code.tex"
File: pgfcoreshade.code.tex 2020/10/01 v3.1.6a (3.1.6a)
\pgf@max=\dimen256
\pgf@sys@shading@range@num=\count280
\pgf@shadingcount=\count281
) ("D:\Program Files\MiKTeX\tex/generic/pgf/basiclayer\pgfcoreimage.code.tex"
File: pgfcoreimage.code.tex 2020/10/01 v3.1.6a (3.1.6a)
 ("D:\Program Files\MiKTeX\tex/generic/pgf/basiclayer\pgfcoreexternal.code.tex"
File: pgfcoreexternal.code.tex 2020/10/01 v3.1.6a (3.1.6a)
\pgfexternal@startupbox=\box61
)) ("D:\Program Files\MiKTeX\tex/generic/pgf/basiclayer\pgfcorelayers.code.tex"
File: pgfcorelayers.code.tex 2020/10/01 v3.1.6a (3.1.6a)
) ("D:\Program Files\MiKTeX\tex/generic/pgf/basiclayer\pgfcoretransparency.code.tex"
File: pgfcoretransparency.code.tex 2020/10/01 v3.1.6a (3.1.6a)
) ("D:\Program Files\MiKTeX\tex/generic/pgf/basiclayer\pgfcorepatterns.code.tex"
File: pgfcorepatterns.code.tex 2020/10/01 v3.1.6a (3.1.6a)
) ("D:\Program Files\MiKTeX\tex/generic/pgf/basiclayer\pgfcorerdf.code.tex"
File: pgfcorerdf.code.tex 2020/10/01 v3.1.6a (3.1.6a)
))) ("D:\Program Files\MiKTeX\tex/latex/pgf/utilities\xxcolor.sty"
Package: xxcolor 2003/10/24 ver 0.1
\XC@nummixins=\count282
\XC@countmixins=\count283
) ("D:\Program Files\MiKTeX\tex/latex/base\atbegshi-ltx.sty"
Package: atbegshi-ltx 2020/08/17 v1.0a Emulation of the original atbegshi package
with kernel methods
) ("D:\Program Files\MiKTeX\tex/latex/hyperref\hyperref.sty"
Package: hyperref 2020-05-15 v7.00e Hypertext links for LaTeX
 ("D:\Program Files\MiKTeX\tex/generic/ltxcmds\ltxcmds.sty"
Package: ltxcmds 2020-05-10 v1.25 LaTeX kernel commands for general use (HO)
) ("D:\Program Files\MiKTeX\tex/generic/pdftexcmds\pdftexcmds.sty"
Package: pdftexcmds 2020-06-27 v0.33 Utility functions of pdfTeX for LuaTeX (HO)
 ("D:\Program Files\MiKTeX\tex/generic/infwarerr\infwarerr.sty"
Package: infwarerr 2019/12/03 v1.5 Providing info/warning/error messages (HO)
)
Package pdftexcmds Info: \pdf@primitive is available.
Package pdftexcmds Info: \pdf@ifprimitive is available.
Package pdftexcmds Info: \pdfdraftmode found.
) ("D:\Program Files\MiKTeX\tex/generic/kvsetkeys\kvsetkeys.sty"
Package: kvsetkeys 2019/12/15 v1.18 Key value parser (HO)
) ("D:\Program Files\MiKTeX\tex/generic/kvdefinekeys\kvdefinekeys.sty"
Package: kvdefinekeys 2019-12-19 v1.6 Define keys (HO)
) ("D:\Program Files\MiKTeX\tex/generic/pdfescape\pdfescape.sty"
Package: pdfescape 2019/12/09 v1.15 Implements pdfTeX's escape features (HO)
) ("D:\Program Files\MiKTeX\tex/latex/hycolor\hycolor.sty"
Package: hycolor 2020-01-27 v1.10 Color options for hyperref/bookmark (HO)
) ("D:\Program Files\MiKTeX\tex/latex/letltxmacro\letltxmacro.sty"
Package: letltxmacro 2019/12/03 v1.6 Let assignment for LaTeX macros (HO)
) ("D:\Program Files\MiKTeX\tex/latex/auxhook\auxhook.sty"
Package: auxhook 2019-12-17 v1.6 Hooks for auxiliary files (HO)
) ("D:\Program Files\MiKTeX\tex/latex/kvoptions\kvoptions.sty"
Package: kvoptions 2019/11/29 v3.13 Key value format for package options (HO)
)
\@linkdim=\dimen257
\Hy@linkcounter=\count284
\Hy@pagecounter=\count285
 ("D:\Program Files\MiKTeX\tex/latex/hyperref\pd1enc.def"
File: pd1enc.def 2020-05-15 v7.00e Hyperref: PDFDocEncoding definition (HO)
Now handling font encoding PD1 ...
... no UTF-8 mapping file for font encoding PD1
) ("D:\Program Files\MiKTeX\tex/generic/intcalc\intcalc.sty"
Package: intcalc 2019/12/15 v1.3 Expandable calculations with integers (HO)
) ("D:\Program Files\MiKTeX\tex/generic/etexcmds\etexcmds.sty"
Package: etexcmds 2019/12/15 v1.7 Avoid name clashes with e-TeX commands (HO)
)
\Hy@SavedSpaceFactor=\count286
Package hyperref Info: Option `bookmarks' set `true' on input line 4338.
Package hyperref Info: Option `bookmarksopen' set `true' on input line 4338.
Package hyperref Info: Option `implicit' set `false' on input line 4338.
Package hyperref Info: Hyper figures OFF on input line 4464.
Package hyperref Info: Link nesting OFF on input line 4469.
Package hyperref Info: Hyper index ON on input line 4472.
Package hyperref Info: Plain pages OFF on input line 4479.
Package hyperref Info: Backreferencing OFF on input line 4484.
Package hyperref Info: Implicit mode OFF; no redefinition of LaTeX internals.
Package hyperref Info: Bookmarks ON on input line 4717.
\c@Hy@tempcnt=\count287
 ("D:\Program Files\MiKTeX\tex/latex/url\url.sty"
\Urlmuskip=\muskip16
Package: url 2013/09/16  ver 3.4  Verb mode for urls, etc.
)
LaTeX Info: Redefining \url on input line 5076.
\XeTeXLinkMargin=\dimen258
 ("D:\Program Files\MiKTeX\tex/generic/bitset\bitset.sty"
Package: bitset 2019/12/09 v1.3 Handle bit-vector datatype (HO)
 ("D:\Program Files\MiKTeX\tex/generic/bigintcalc\bigintcalc.sty"
Package: bigintcalc 2019/12/15 v1.5 Expandable calculations on big integers (HO)
))
\Fld@menulength=\count288
\Field@Width=\dimen259
\Fld@charsize=\dimen260
Package hyperref Info: Hyper figures OFF on input line 6347.
Package hyperref Info: Link nesting OFF on input line 6352.
Package hyperref Info: Hyper index ON on input line 6355.
Package hyperref Info: backreferencing OFF on input line 6362.
Package hyperref Info: Link coloring OFF on input line 6367.
Package hyperref Info: Link coloring with OCG OFF on input line 6372.
Package hyperref Info: PDF/A mode OFF on input line 6377.
LaTeX Info: Redefining \ref on input line 6417.
LaTeX Info: Redefining \pageref on input line 6421.
\Hy@abspage=\count289


Package hyperref Message: Stopped early.

)
Package hyperref Info: Driver (autodetected): hpdftex.
 ("D:\Program Files\MiKTeX\tex/latex/hyperref\hpdftex.def"
File: hpdftex.def 2020-05-15 v7.00e Hyperref driver for pdfTeX
 ("D:\Program Files\MiKTeX\tex/latex/base\atveryend-ltx.sty"
Package: atveryend-ltx 2020/08/19 v1.0a Emulation of the original atvery package
with kernel methods
)
\Fld@listcount=\count290
\c@bookmark@seq@number=\count291
 ("D:\Program Files\MiKTeX\tex/latex/rerunfilecheck\rerunfilecheck.sty"
Package: rerunfilecheck 2019/12/05 v1.9 Rerun checks for auxiliary files (HO)
 ("D:\Program Files\MiKTeX\tex/generic/uniquecounter\uniquecounter.sty"
Package: uniquecounter 2019/12/15 v1.4 Provide unlimited unique counter (HO)
)
Package uniquecounter Info: New unique counter `rerunfilecheck' on input line 286.
)) ("D:\Program Files\MiKTeX\tex/latex/beamer\beamerbaserequires.sty" ("D:\Program Files\MiKTeX\tex/latex/beamer\beamerbasecompatibility.sty") ("D:\Program Files\MiKTeX\tex/latex/beamer\beamerbasefont.sty" ("D:\Program Files\MiKTeX\tex/latex/amsfonts\amssymb.sty"
Package: amssymb 2013/01/14 v3.01 AMS font symbols
 ("D:\Program Files\MiKTeX\tex/latex/amsfonts\amsfonts.sty"
Package: amsfonts 2013/01/14 v3.01 Basic AMSFonts support
\@emptytoks=\toks27
\symAMSa=\mathgroup4
\symAMSb=\mathgroup5
LaTeX Font Info:    Redeclaring math symbol \hbar on input line 98.
LaTeX Font Info:    Overwriting math alphabet `\mathfrak' in version `bold'
(Font)                  U/euf/m/n --> U/euf/b/n on input line 106.
)) ("D:\Program Files\MiKTeX\tex/latex/sansmathaccent\sansmathaccent.sty"
Package: sansmathaccent 2020/01/31
 ("D:\Program Files\MiKTeX\tex/latex/koma-script\scrlfile.sty"
Package: scrlfile 2021/06/25 v3.34 KOMA-Script package (file load hooks)
 ("D:\Program Files\MiKTeX\tex/latex/koma-script\scrlfile-hook.sty"
Package: scrlfile-hook 2021/06/25 v3.34 KOMA-Script package (using LaTeX hooks)

LaTeX3 Info: Defining command \BeforeFile with sig. 'm' on line 75.


LaTeX3 Info: Defining command \AfterFile with sig. 'm' on line 79.


LaTeX3 Info: Defining command \BeforeClass with sig. 'm' on line 83.


LaTeX3 Info: Defining command \BeforePackage with sig. 'm' on line 87.


LaTeX3 Info: Defining command \AfterAtEndOfClass with sig. 'smo+m' on line 97.


LaTeX3 Info: Defining command \AfterAtEndOfPackage with sig. 'smo+m' on line
(LaTeX3)     107.


LaTeX3 Info: Defining command \scrlfile@AfterClass with sig. 'smo+m' on line
(LaTeX3)     187.


LaTeX3 Info: Defining command \AfterClass with sig. '' on line 188.


LaTeX3 Info: Defining command \scrlfile@AfterPackage with sig. 'smo+m' on line
(LaTeX3)     205.


LaTeX3 Info: Defining command \AfterPackage with sig. '' on line 206.


LaTeX3 Info: Defining command \ReplaceInput with sig. '' on line 207.


LaTeX3 Info: Defining command \ReplaceClass with sig. 'mm' on line 210.


LaTeX3 Info: Defining command \ReplacePackage with sig. 'mm' on line 213.


LaTeX3 Info: Defining command \UnReplaceInput with sig. '' on line 214.


LaTeX3 Info: Defining command \UnReplaceClass with sig. 'm' on line 217.


LaTeX3 Info: Defining command \UnReplacePackage with sig. 'mm' on line 220.


LaTeX3 Info: Defining command \PreventPackageFromLoading with sig. 's+om' on
(LaTeX3)     line 248.


LaTeX3 Info: Defining command \StorePreventPackageFromLoading with sig. 'm' on
(LaTeX3)     line 256.


LaTeX3 Info: Defining command \ResetPreventPackageFromLoading with sig. '' on
(LaTeX3)     line 261.


LaTeX3 Info: Defining command \UnPreventPackageFromLoading with sig. 'sm' on
(LaTeX3)     line 275.


LaTeX3 Info: Defining command \BeforeClosingMainAux with sig. 'om' on line
(LaTeX3)     288.


LaTeX3 Info: Defining command \AfterReadingMainAux with sig. 'om' on line 301.


LaTeX3 Info: Defining command \protected@immediate@write with sig. 'm+m+m' on
(LaTeX3)     line 312.

 ("D:\Program Files\MiKTeX\tex/latex/koma-script\scrlogo.sty"
Package: scrlogo 2021/06/25 v3.34 KOMA-Script package (logo)
))))) ("D:\Program Files\MiKTeX\tex/latex/beamer\beamerbasetranslator.sty" ("D:\Program Files\MiKTeX\tex/latex/translator\translator.sty"
Package: translator 2021-05-31 v1.12d Easy translation of strings in LaTeX
)) ("D:\Program Files\MiKTeX\tex/latex/beamer\beamerbasemisc.sty") ("D:\Program Files\MiKTeX\tex/latex/beamer\beamerbasetwoscreens.sty") ("D:\Program Files\MiKTeX\tex/latex/beamer\beamerbaseoverlay.sty"
\beamer@argscount=\count292
\beamer@lastskipcover=\skip50
\beamer@trivlistdepth=\count293
) ("D:\Program Files\MiKTeX\tex/latex/beamer\beamerbasetitle.sty") ("D:\Program Files\MiKTeX\tex/latex/beamer\beamerbasesection.sty"
\c@lecture=\count294
\c@part=\count295
\c@section=\count296
\c@subsection=\count297
\c@subsubsection=\count298
) ("D:\Program Files\MiKTeX\tex/latex/beamer\beamerbaseframe.sty"
\beamer@framebox=\box62
\beamer@frametitlebox=\box63
\beamer@zoombox=\box64
\beamer@zoomcount=\count299
\beamer@zoomframecount=\count300
\beamer@frametextheight=\dimen261
\c@subsectionslide=\count301
\beamer@frametopskip=\skip51
\beamer@framebottomskip=\skip52
\beamer@frametopskipautobreak=\skip53
\beamer@framebottomskipautobreak=\skip54
\beamer@envbody=\toks28
\framewidth=\dimen262
\c@framenumber=\count302
) ("D:\Program Files\MiKTeX\tex/latex/beamer\beamerbaseverbatim.sty"
\beamer@verbatimfileout=\write4
) ("D:\Program Files\MiKTeX\tex/latex/beamer\beamerbaseframesize.sty"
\beamer@splitbox=\box65
\beamer@autobreakcount=\count303
\beamer@autobreaklastheight=\dimen263
\beamer@frametitletoks=\toks29
\beamer@framesubtitletoks=\toks30
) ("D:\Program Files\MiKTeX\tex/latex/beamer\beamerbaseframecomponents.sty"
\beamer@footins=\box66
) ("D:\Program Files\MiKTeX\tex/latex/beamer\beamerbasecolor.sty") ("D:\Program Files\MiKTeX\tex/latex/beamer\beamerbasenotes.sty"
\beamer@frameboxcopy=\box67
) ("D:\Program Files\MiKTeX\tex/latex/beamer\beamerbasetoc.sty") ("D:\Program Files\MiKTeX\tex/latex/beamer\beamerbasetemplates.sty"
\beamer@sbttoks=\toks31
 ("D:\Program Files\MiKTeX\tex/latex/beamer\beamerbaseauxtemplates.sty" ("D:\Program Files\MiKTeX\tex/latex/beamer\beamerbaseboxes.sty"
\bmb@box=\box68
\bmb@colorbox=\box69
\bmb@boxwidth=\dimen264
\bmb@boxheight=\dimen265
\bmb@prevheight=\dimen266
\bmb@temp=\dimen267
\bmb@dima=\dimen268
\bmb@dimb=\dimen269
\bmb@prevheight=\dimen270
)
\beamer@blockheadheight=\dimen271
)) ("D:\Program Files\MiKTeX\tex/latex/beamer\beamerbaselocalstructure.sty" ("D:\Program Files\MiKTeX\tex/latex/tools\enumerate.sty"
Package: enumerate 2015/07/23 v3.00 enumerate extensions (DPC)
\@enLab=\toks32
)
\beamer@bibiconwidth=\skip55
\c@figure=\count304
\c@table=\count305
\abovecaptionskip=\skip56
\belowcaptionskip=\skip57
) ("D:\Program Files\MiKTeX\tex/latex/beamer\beamerbasenavigation.sty"
\beamer@section@min@dim=\dimen272
) ("D:\Program Files\MiKTeX\tex/latex/beamer\beamerbasetheorems.sty" ("D:\Program Files\MiKTeX\tex/latex/amsmath\amsmath.sty"
Package: amsmath 2020/09/23 v2.17i AMS math features
\@mathmargin=\skip58

For additional information on amsmath, use the `?' option.
("D:\Program Files\MiKTeX\tex/latex/amsmath\amstext.sty"
Package: amstext 2000/06/29 v2.01 AMS text
 ("D:\Program Files\MiKTeX\tex/latex/amsmath\amsgen.sty"
File: amsgen.sty 1999/11/30 v2.0 generic functions
\@emptytoks=\toks33
\ex@=\dimen273
)) ("D:\Program Files\MiKTeX\tex/latex/amsmath\amsbsy.sty"
Package: amsbsy 1999/11/29 v1.2d Bold Symbols
\pmbraise@=\dimen274
) ("D:\Program Files\MiKTeX\tex/latex/amsmath\amsopn.sty"
Package: amsopn 2016/03/08 v2.02 operator names
)
\inf@bad=\count306
LaTeX Info: Redefining \frac on input line 234.
\uproot@=\count307
\leftroot@=\count308
LaTeX Info: Redefining \overline on input line 399.
\classnum@=\count309
\DOTSCASE@=\count310
LaTeX Info: Redefining \ldots on input line 496.
LaTeX Info: Redefining \dots on input line 499.
LaTeX Info: Redefining \cdots on input line 620.
\Mathstrutbox@=\box70
\strutbox@=\box71
\big@size=\dimen275
LaTeX Font Info:    Redeclaring font encoding OML on input line 743.
LaTeX Font Info:    Redeclaring font encoding OMS on input line 744.
\macc@depth=\count311
\c@MaxMatrixCols=\count312
\dotsspace@=\muskip17
\c@parentequation=\count313
\dspbrk@lvl=\count314
\tag@help=\toks34
\row@=\count315
\column@=\count316
\maxfields@=\count317
\andhelp@=\toks35
\eqnshift@=\dimen276
\alignsep@=\dimen277
\tagshift@=\dimen278
\tagwidth@=\dimen279
\totwidth@=\dimen280
\lineht@=\dimen281
\@envbody=\toks36
\multlinegap=\skip59
\multlinetaggap=\skip60
\mathdisplay@stack=\toks37
LaTeX Info: Redefining \[ on input line 2923.
LaTeX Info: Redefining \] on input line 2924.
) ("D:\Program Files\MiKTeX\tex/latex/amscls\amsthm.sty"
Package: amsthm 2020/05/29 v2.20.6
\thm@style=\toks38
\thm@bodyfont=\toks39
\thm@headfont=\toks40
\thm@notefont=\toks41
\thm@headpunct=\toks42
\thm@preskip=\skip61
\thm@postskip=\skip62
\thm@headsep=\skip63
\dth@everypar=\toks43
)
\c@theorem=\count318
) ("D:\Program Files\MiKTeX\tex/latex/beamer\beamerbasethemes.sty")) ("D:\Program Files\MiKTeX\tex/latex/beamer\beamerthemedefault.sty" ("D:\Program Files\MiKTeX\tex/latex/beamer\beamerfontthemedefault.sty") ("D:\Program Files\MiKTeX\tex/latex/beamer\beamercolorthemedefault.sty") ("D:\Program Files\MiKTeX\tex/latex/beamer\beamerinnerthemedefault.sty"
\beamer@dima=\dimen282
\beamer@dimb=\dimen283
) ("D:\Program Files\MiKTeX\tex/latex/beamer\beamerouterthemedefault.sty"))) ("D:\Program Files\MiKTeX\tex/generic/babel\babel.sty"
Package: babel 2020/10/06 3.50 The Babel package
 ("D:\Program Files\MiKTeX\tex/generic/babel\babel.def"
File: babel.def 2020/10/06 3.50 Babel common definitions
\babel@savecnt=\count319
\U@D=\dimen284
\l@babelnohyphens=\language79
 ("D:\Program Files\MiKTeX\tex/generic/babel\txtbabel.def")
\bbl@readstream=\read3
)
LaTeX Info: Redefining \textlatin on input line 709.
\bbl@dirlevel=\count320

*************************************
* Local config file bblopts.cfg used
*
("D:\Program Files\MiKTeX\tex/latex/arabi\bblopts.cfg"
File: bblopts.cfg 2005/09/08 v0.1 add Arabic and Farsi to "declared" options of babel
) ("D:\Program Files\MiKTeX\tex/latex/babel-italian\italian.ldf"
Language: italian 2020/05/21 v.1.4.04 Italian support for the babel system
\it@lettering=\count321
\it@doublequoteactive=\count322
\it@ISOcompliance=\count323
)) ("D:\Program Files\MiKTeX\tex/latex/beamer\beamerthemeBerkeley.sty" ("D:\Program Files\MiKTeX\tex/latex/beamer\beamerouterthemesidebar.sty"
\beamer@sidebarwidth=\dimen285
\beamer@headheight=\dimen286
) ("D:\Program Files\MiKTeX\tex/latex/beamer\beamerinnerthemerectangles.sty") ("D:\Program Files\MiKTeX\tex/latex/beamer\beamercolorthemewhale.sty") ("D:\Program Files\MiKTeX\tex/latex/beamer\beamercolorthemeorchid.sty")) ("D:\Program Files\MiKTeX\tex/latex/booktabs\booktabs.sty"
Package: booktabs 2020/01/12 v1.61803398 Publication quality tables
\heavyrulewidth=\dimen287
\lightrulewidth=\dimen288
\cmidrulewidth=\dimen289
\belowrulesep=\dimen290
\belowbottomsep=\dimen291
\aboverulesep=\dimen292
\abovetopsep=\dimen293
\cmidrulesep=\dimen294
\cmidrulekern=\dimen295
\defaultaddspace=\dimen296
\@cmidla=\count324
\@cmidlb=\count325
\@aboverulesep=\dimen297
\@belowrulesep=\dimen298
\@thisruleclass=\count326
\@lastruleclass=\count327
\@thisrulewidth=\dimen299
) ("D:\Program Files\MiKTeX\tex/latex/listings\listings.sty"
\lst@mode=\count328
\lst@gtempboxa=\box72
\lst@token=\toks44
\lst@length=\count329
\lst@currlwidth=\dimen300
\lst@column=\count330
\lst@pos=\count331
\lst@lostspace=\dimen301
\lst@width=\dimen302
\lst@newlines=\count332
\lst@lineno=\count333
\lst@maxwidth=\dimen303
 ("D:\Program Files\MiKTeX\tex/latex/listings\lstmisc.sty"
File: lstmisc.sty 2020/03/24 1.8d (Carsten Heinz)
\c@lstnumber=\count334
\lst@skipnumbers=\count335
\lst@framebox=\box73
) ("D:\Program Files\MiKTeX\tex/latex/listings\listings.cfg"
File: listings.cfg 2020/03/24 1.8d listings configuration
))
Package: listings 2020/03/24 1.8d (Carsten Heinz)
 ("D:\Program Files\MiKTeX\tex/latex/lstaddons\lstautogobble.sty"
Package: lstautogobble 2012/05/03 v0.1 Implements 'autogobble' option for 'listings'
\lstag@spacecount=\count336
) ("D:\Program Files\MiKTeX\tex/latex/tools\longtable.sty"
Package: longtable 2020/01/07 v4.13 Multi-page Table package (DPC)
\LTleft=\skip64
\LTright=\skip65
\LTpre=\skip66
\LTpost=\skip67
\LTchunksize=\count337
\LTcapwidth=\dimen304
\LT@head=\box74
\LT@firsthead=\box75
\LT@foot=\box76
\LT@lastfoot=\box77
\LT@cols=\count338
\LT@rows=\count339
\c@LT@tables=\count340
\c@LT@chunks=\count341
\LT@p@ftn=\toks45
) (solidity-highlighting.tex)

Package hyperref Warning: Token not allowed in a PDF string (PDFDocEncoding):
(hyperref)                removing `\\' on input line 55.

("D:\Program Files\MiKTeX\tex/latex/l3backend\l3backend-pdftex.def"
File: l3backend-pdftex.def 2020-09-24 L3 backend support: PDF output (pdfTeX)
\l__kernel_color_stack_int=\count342
\l__pdf_internal_box=\box78
) (Presentazione.aux)
\openout1 = `Presentazione.aux'.

LaTeX Font Info:    Checking defaults for OML/cmm/m/it on input line 62.
LaTeX Font Info:    ... okay on input line 62.
LaTeX Font Info:    Checking defaults for OMS/cmsy/m/n on input line 62.
LaTeX Font Info:    ... okay on input line 62.
LaTeX Font Info:    Checking defaults for OT1/cmr/m/n on input line 62.
LaTeX Font Info:    ... okay on input line 62.
LaTeX Font Info:    Checking defaults for T1/cmr/m/n on input line 62.
LaTeX Font Info:    ... okay on input line 62.
LaTeX Font Info:    Checking defaults for TS1/cmr/m/n on input line 62.
LaTeX Font Info:    ... okay on input line 62.
LaTeX Font Info:    Checking defaults for OMX/cmex/m/n on input line 62.
LaTeX Font Info:    ... okay on input line 62.
LaTeX Font Info:    Checking defaults for U/cmr/m/n on input line 62.
LaTeX Font Info:    ... okay on input line 62.
LaTeX Font Info:    Checking defaults for PD1/pdf/m/n on input line 62.
LaTeX Font Info:    ... okay on input line 62.

*geometry* driver: auto-detecting
*geometry* detected driver: pdftex
*geometry* verbose mode - [ preamble ] result:
* driver: pdftex
* paper: custom
* layout: <same size as paper>
* layoutoffset:(h,v)=(0.0pt,0.0pt)
* modes: includehead includefoot 
* h-part:(L,W,R)=(59.22636pt, 290.74263pt, 14.22636pt)
* v-part:(T,H,B)=(0.0pt, 273.14662pt, 0.0pt)
* \paperwidth=364.19536pt
* \paperheight=273.14662pt
* \textwidth=290.74263pt
* \textheight=244.6939pt
* \oddsidemargin=-13.04362pt
* \evensidemargin=-13.04362pt
* \topmargin=-72.26999pt
* \headheight=14.22636pt
* \headsep=0.0pt
* \topskip=11.0pt
* \footskip=14.22636pt
* \marginparwidth=4.0pt
* \marginparsep=10.0pt
* \columnsep=10.0pt
* \skip\footins=10.0pt plus 4.0pt minus 2.0pt
* \hoffset=0.0pt
* \voffset=0.0pt
* \mag=1000
* \@twocolumnfalse
* \@twosidefalse
* \@mparswitchfalse
* \@reversemarginfalse
* (1in=72.27pt=25.4mm, 1cm=28.453pt)

("D:\Program Files\MiKTeX\tex/context/base/mkii\supp-pdf.mkii"
[Loading MPS to PDF converter (version 2006.09.02).]
\scratchcounter=\count343
\scratchdimen=\dimen305
\scratchbox=\box79
\nofMPsegments=\count344
\nofMParguments=\count345
\everyMPshowfont=\toks46
\MPscratchCnt=\count346
\MPscratchDim=\dimen306
\MPnumerator=\count347
\makeMPintoPDFobject=\count348
\everyMPtoPDFconversion=\toks47
) ("D:\Program Files\MiKTeX\tex/latex/epstopdf-pkg\epstopdf-base.sty"
Package: epstopdf-base 2020-01-24 v2.11 Base part for package epstopdf
Package epstopdf-base Info: Redefining graphics rule for `.eps' on input line 485.
)
Package hyperref Info: Link coloring OFF on input line 62.
 ("D:\Program Files\MiKTeX\tex/latex/hyperref\nameref.sty"
Package: nameref 2019/09/16 v2.46 Cross-referencing by name of section
 ("D:\Program Files\MiKTeX\tex/latex/refcount\refcount.sty"
Package: refcount 2019/12/15 v3.6 Data extraction from label references (HO)
) ("D:\Program Files\MiKTeX\tex/generic/gettitlestring\gettitlestring.sty"
Package: gettitlestring 2019/12/15 v1.6 Cleanup title references (HO)
)
\c@section@level=\count349
)
LaTeX Info: Redefining \ref on input line 62.
LaTeX Info: Redefining \pageref on input line 62.
LaTeX Info: Redefining \nameref on input line 62.
 (Presentazione.out) (Presentazione.out)
\@outlinefile=\write5
\openout5 = `Presentazione.out'.

LaTeX Font Info:    Overwriting symbol font `operators' in version `normal'
(Font)                  OT1/cmr/m/n --> OT1/cmss/m/n on input line 62.
LaTeX Font Info:    Overwriting symbol font `operators' in version `bold'
(Font)                  OT1/cmr/bx/n --> OT1/cmss/b/n on input line 62.
\symnumbers=\mathgroup6
\sympureletters=\mathgroup7
LaTeX Font Info:    Overwriting math alphabet `\mathrm' in version `normal'
(Font)                  OT1/cmss/m/n --> OT1/cmr/m/n on input line 62.
LaTeX Font Info:    Redeclaring math alphabet \mathbf on input line 62.
LaTeX Font Info:    Overwriting math alphabet `\mathbf' in version `normal'
(Font)                  OT1/cmr/bx/n --> OT1/cmss/b/n on input line 62.
LaTeX Font Info:    Overwriting math alphabet `\mathbf' in version `bold'
(Font)                  OT1/cmr/bx/n --> OT1/cmss/b/n on input line 62.
LaTeX Font Info:    Redeclaring math alphabet \mathsf on input line 62.
LaTeX Font Info:    Overwriting math alphabet `\mathsf' in version `normal'
(Font)                  OT1/cmss/m/n --> OT1/cmss/m/n on input line 62.
LaTeX Font Info:    Overwriting math alphabet `\mathsf' in version `bold'
(Font)                  OT1/cmss/bx/n --> OT1/cmss/m/n on input line 62.
LaTeX Font Info:    Redeclaring math alphabet \mathit on input line 62.
LaTeX Font Info:    Overwriting math alphabet `\mathit' in version `normal'
(Font)                  OT1/cmr/m/it --> OT1/cmss/m/it on input line 62.
LaTeX Font Info:    Overwriting math alphabet `\mathit' in version `bold'
(Font)                  OT1/cmr/bx/it --> OT1/cmss/m/it on input line 62.
LaTeX Font Info:    Redeclaring math alphabet \mathtt on input line 62.
LaTeX Font Info:    Overwriting math alphabet `\mathtt' in version `normal'
(Font)                  OT1/cmtt/m/n --> OT1/cmtt/m/n on input line 62.
LaTeX Font Info:    Overwriting math alphabet `\mathtt' in version `bold'
(Font)                  OT1/cmtt/m/n --> OT1/cmtt/m/n on input line 62.
LaTeX Font Info:    Overwriting symbol font `numbers' in version `bold'
(Font)                  OT1/cmss/m/n --> OT1/cmss/b/n on input line 62.
LaTeX Font Info:    Overwriting symbol font `pureletters' in version `bold'
(Font)                  OT1/cmss/m/it --> OT1/cmss/b/it on input line 62.
LaTeX Font Info:    Overwriting math alphabet `\mathrm' in version `bold'
(Font)                  OT1/cmss/b/n --> OT1/cmr/b/n on input line 62.
LaTeX Font Info:    Overwriting math alphabet `\mathbf' in version `bold'
(Font)                  OT1/cmss/b/n --> OT1/cmss/b/n on input line 62.
LaTeX Font Info:    Overwriting math alphabet `\mathsf' in version `bold'
(Font)                  OT1/cmss/m/n --> OT1/cmss/b/n on input line 62.
LaTeX Font Info:    Overwriting math alphabet `\mathit' in version `bold'
(Font)                  OT1/cmss/m/it --> OT1/cmss/b/it on input line 62.
LaTeX Font Info:    Overwriting math alphabet `\mathtt' in version `bold'
(Font)                  OT1/cmtt/m/n --> OT1/cmtt/b/n on input line 62.
LaTeX Font Info:    Redeclaring symbol font `pureletters' on input line 62.
LaTeX Font Info:    Overwriting symbol font `pureletters' in version `normal'
(Font)                  OT1/cmss/m/it --> OT1/mathkerncmss/m/sl on input line 62.
LaTeX Font Info:    Overwriting symbol font `pureletters' in version `bold'
(Font)                  OT1/cmss/b/it --> OT1/mathkerncmss/m/sl on input line 62.
LaTeX Font Info:    Overwriting symbol font `pureletters' in version `bold'
(Font)                  OT1/mathkerncmss/m/sl --> OT1/mathkerncmss/bx/sl on input line 62.
 ("D:\Program Files\MiKTeX\tex/latex/translator\translator-basic-dictionary-English.dict"
Dictionary: translator-basic-dictionary, Language: English 
) ("D:\Program Files\MiKTeX\tex/latex/translator\translator-bibliography-dictionary-English.dict"
Dictionary: translator-bibliography-dictionary, Language: English 
) ("D:\Program Files\MiKTeX\tex/latex/translator\translator-environment-dictionary-English.dict"
Dictionary: translator-environment-dictionary, Language: English 
) ("D:\Program Files\MiKTeX\tex/latex/translator\translator-months-dictionary-English.dict"
Dictionary: translator-months-dictionary, Language: English 
) ("D:\Program Files\MiKTeX\tex/latex/translator\translator-numbers-dictionary-English.dict"
Dictionary: translator-numbers-dictionary, Language: English 
) ("D:\Program Files\MiKTeX\tex/latex/translator\translator-theorem-dictionary-English.dict"
Dictionary: translator-theorem-dictionary, Language: English 
)
LaTeX Info: Redefining \it@ocap on input line 62.
LaTeX Info: Redefining \it@ccap on input line 62.


File italian.ldf warning: 
italian.ldf    With OT1 encoding guillemets are poorly faked
italian.ldf    Use T1 encoding
italian.ldf    or specify a font with command \CaporaliFrom
italian.ldf    See the documentation concerning the babel-italian typesetting 
italian.ldf    on input line 62.

\c@lstlisting=\count350
(Presentazione.nav)
<figures/logo_unipg.png, id=32, 523.7166pt x 255.5949pt>
File: figures/logo_unipg.png Graphic file (type png)
<use figures/logo_unipg.png>
Package pdftex.def Info: figures/logo_unipg.png  used on input line 65.
(pdftex.def)             Requested size: 87.22366pt x 42.56523pt.

Overfull \vbox (3.00888pt too high) detected at line 65
 []

[1{C:/Users/franc/AppData/Local/MiKTeX/pdftex/config/pdftex.map}

 <./figures/logo_unipg.png>] (Presentazione.toc) [2

]
<figures//imaging.png, id=112, 1003.75pt x 565.11125pt>
File: figures//imaging.png Graphic file (type png)
<use figures//imaging.png>
Package pdftex.def Info: figures//imaging.png  used on input line 87.
(pdftex.def)             Requested size: 188.98093pt x 106.38924pt.
 [3

 <./figures//imaging.png>]
<figures//learning.png, id=146, 383.031pt x 313.17pt>
File: figures//learning.png Graphic file (type png)
<use figures//learning.png>
Package pdftex.def Info: figures//learning.png  used on input line 105.
(pdftex.def)             Requested size: 188.98093pt x 154.51547pt.
LaTeX Font Info:    Trying to load font information for U+msa on input line 105.
 ("D:\Program Files\MiKTeX\tex/latex/amsfonts\umsa.fd"
File: umsa.fd 2013/01/14 v3.01 AMS symbols A
)
LaTeX Font Info:    Trying to load font information for U+msb on input line 105.
 ("D:\Program Files\MiKTeX\tex/latex/amsfonts\umsb.fd"
File: umsb.fd 2013/01/14 v3.01 AMS symbols B
)
LaTeX Font Info:    Trying to load font information for OT1+mathkerncmss on input line 105.
 ("D:\Program Files\MiKTeX\tex/latex/sansmathaccent\ot1mathkerncmss.fd"
File: ot1mathkerncmss.fd 2020/01/31 Fontinst v1.933 font definitions for OT1/mathkerncmss.
) [4

 <./figures//learning.png>]
<figures//confronto neurone biologico-artificiale.PNG, id=181, 870.25125pt x 300.52275pt>
File: figures//confronto neurone biologico-artificiale.PNG Graphic file (type png)
<use figures//confronto neurone biologico-artificiale.PNG>
Package pdftex.def Info: figures//confronto neurone biologico-artificiale.PNG  used on input line 118.
(pdftex.def)             Requested size: 290.74263pt x 100.40175pt.
 [5

 <./figures//confronto neurone biologico-artificiale.PNG>]
<figures//schema apprendimento supervisionato.PNG, id=214, 251.7405pt x 206.57175pt>
File: figures//schema apprendimento supervisionato.PNG Graphic file (type png)
<use figures//schema apprendimento supervisionato.PNG>
Package pdftex.def Info: figures//schema apprendimento supervisionato.PNG  used on input line 132.
(pdftex.def)             Requested size: 188.98093pt x 155.07341pt.

Overfull \vbox (12.79349pt too high) detected at line 132
 []

[6

 <./figures//schema apprendimento supervisionato.PNG>]
<figures//cnn.PNG, id=247, 411.33675pt x 121.05225pt>
File: figures//cnn.PNG Graphic file (type png)
<use figures//cnn.PNG>
Package pdftex.def Info: figures//cnn.PNG  used on input line 172.
(pdftex.def)             Requested size: 188.98093pt x 55.6145pt.
 [7

 <./figures//cnn.PNG>]
<figures/python.PNG, id=280, 292.09125pt x 173.64874pt>
File: figures/python.PNG Graphic file (type png)
<use figures/python.PNG>
Package pdftex.def Info: figures/python.PNG  used on input line 228.
(pdftex.def)             Requested size: 58.14874pt x 34.56749pt.
<figures/index.PNG, id=281, 336.25626pt x 150.5625pt>
File: figures/index.PNG Graphic file (type png)
<use figures/index.PNG>
Package pdftex.def Info: figures/index.PNG  used on input line 228.
(pdftex.def)             Requested size: 58.14874pt x 26.03638pt.
<figures/matplotlib.JPG, id=282, 808.01875pt x 383.4325pt>
File: figures/matplotlib.JPG Graphic file (type jpg)
<use figures/matplotlib.JPG>
Package pdftex.def Info: figures/matplotlib.JPG  used on input line 228.
(pdftex.def)             Requested size: 58.14874pt x 27.5919pt.
<figures//keras-tf.jpg, id=283, 604.50844pt x 336.50719pt>
File: figures//keras-tf.jpg Graphic file (type jpg)
<use figures//keras-tf.jpg>
Package pdftex.def Info: figures//keras-tf.jpg  used on input line 228.
(pdftex.def)             Requested size: 36.34282pt x 20.23064pt.
<figures/scikit.PNG, id=284, 311.1625pt x 163.61125pt>
File: figures/scikit.PNG Graphic file (type png)
<use figures/scikit.PNG>
Package pdftex.def Info: figures/scikit.PNG  used on input line 228.
(pdftex.def)             Requested size: 58.14874pt x 30.57466pt.
<figures/pandas.PNG, id=285, 1204.5pt x 486.81876pt>
File: figures/pandas.PNG Graphic file (type png)
<use figures/pandas.PNG>
Package pdftex.def Info: figures/pandas.PNG  used on input line 228.
(pdftex.def)             Requested size: 50.87973pt x 20.56139pt.
<figures/opncv.PNG, id=286, 1204.5pt x 1483.5425pt>
File: figures/opncv.PNG Graphic file (type png)
<use figures/opncv.PNG>
Package pdftex.def Info: figures/opncv.PNG  used on input line 228.
(pdftex.def)             Requested size: 36.34282pt x 44.75336pt.
<figures/jupyter e collab.png, id=287, 503.8825pt x 268.00125pt>
File: figures/jupyter e collab.png Graphic file (type png)
<use figures/jupyter e collab.png>
Package pdftex.def Info: figures/jupyter e collab.png  used on input line 228.
(pdftex.def)             Requested size: 43.61183pt x 23.19487pt.

Overfull \vbox (10.67516pt too high) detected at line 228
 []

[8

 <./figures/python.PNG> <./figures/index.PNG> <./figures/matplotlib.JPG> <./figures//keras-tf.jpg> <./figures/scikit.PNG> <./figures/pandas.PNG> <./figures/opncv.PNG> <./figures/jupyter e collab.png (PNG copy)>]
<figures//virus.JPEG, id=323, 526.3665pt x 228.855pt>
File: figures//virus.JPEG Graphic file (type jpg)
<use figures//virus.JPEG>
Package pdftex.def Info: figures//virus.JPEG  used on input line 251.
(pdftex.def)             Requested size: 188.98093pt x 82.16423pt.
 [9

 <./figures//virus.JPEG>]
<figures//sano.jpeg, id=354, 337.26pt x 92.5056pt>
File: figures//sano.jpeg Graphic file (type jpg)
<use figures//sano.jpeg>
Package pdftex.def Info: figures//sano.jpeg  used on input line 268.
(pdftex.def)             Requested size: 290.74263pt x 79.74805pt.
 [10

 <./figures//sano.jpeg>] ("D:\Program Files\MiKTeX\tex/latex/listings\lstlang1.sty"
File: lstlang1.sty 2020/03/24 1.8d listings language file
) [11

]
<figures//pneumonia model.png, id=419, 1946.472pt x 637.1805pt>
File: figures//pneumonia model.png Graphic file (type png)
<use figures//pneumonia model.png>
Package pdftex.def Info: figures//pneumonia model.png  used on input line 305.
(pdftex.def)             Requested size: 290.74263pt x 95.17432pt.
 [12

 <./figures//pneumonia model.png>]
<figures//convoluzione.PNG, id=452, 587.19376pt x 252.34274pt>
File: figures//convoluzione.PNG Graphic file (type png)
<use figures//convoluzione.PNG>
Package pdftex.def Info: figures//convoluzione.PNG  used on input line 341.
(pdftex.def)             Requested size: 145.3713pt x 62.46945pt.
<figures//pooling-ex.PNG, id=453, 574.5465pt x 282.45525pt>
File: figures//pooling-ex.PNG Graphic file (type png)
<use figures//pooling-ex.PNG>
Package pdftex.def Info: figures//pooling-ex.PNG  used on input line 341.
(pdftex.def)             Requested size: 203.51895pt x 100.05466pt.

Overfull \vbox (17.77335pt too high) detected at line 341
 []

[13

 <./figures//convoluzione.PNG> <./figures//pooling-ex.PNG>]
<figures//best-augmented-images-pneumonia.png, id=488, 515.526pt x 122.859pt>
File: figures//best-augmented-images-pneumonia.png Graphic file (type png)
<use figures//best-augmented-images-pneumonia.png>
Package pdftex.def Info: figures//best-augmented-images-pneumonia.png  used on input line 421.
(pdftex.def)             Requested size: 290.74263pt x 69.29172pt.
 [14

 <./figures//best-augmented-images-pneumonia.png>]
Overfull \hbox (6.90202pt too wide) in paragraph at lines 450--450
 [] 
 []


Overfull \hbox (6.90202pt too wide) in paragraph at lines 450--450
 [] 
 []

[15

]
<figures//conf-matrix-no-aug.png, id=555, 355.3275pt x 172.84575pt>
File: figures//conf-matrix-no-aug.png Graphic file (type png)
<use figures//conf-matrix-no-aug.png>
Package pdftex.def Info: figures//conf-matrix-no-aug.png  used on input line 464.
(pdftex.def)             Requested size: 203.51895pt x 99.0031pt.
<figures//conf-matrix-pneumonia-aug.png, id=556, 316.18124pt x 180.675pt>
File: figures//conf-matrix-pneumonia-aug.png Graphic file (type png)
<use figures//conf-matrix-pneumonia-aug.png>
Package pdftex.def Info: figures//conf-matrix-pneumonia-aug.png  used on input line 464.
(pdftex.def)             Requested size: 174.44734pt x 99.68582pt.

Overfull \vbox (12.8798pt too high) detected at line 464
 []

[16

 <./figures//conf-matrix-no-aug.png> <./figures//conf-matrix-pneumonia-aug.png>]
<figures//pneumonia results.png, id=589, 690.78075pt x 467.94826pt>
File: figures//pneumonia results.png Graphic file (type png)
<use figures//pneumonia results.png>
Package pdftex.def Info: figures//pneumonia results.png  used on input line 475.
(pdftex.def)             Requested size: 290.74263pt x 196.9582pt.
 [17

 <./figures//pneumonia results.png>] [18

]
\openout4 = `Presentazione.vrb'.

 (Presentazione.vrb
<figures//brain-samples.png, id=653, 680.5425pt x 192.11775pt>
File: figures//brain-samples.png Graphic file (type png)
<use figures//brain-samples.png>
Package pdftex.def Info: figures//brain-samples.png  used on input line 7.
(pdftex.def)             Requested size: 290.74263pt x 82.07549pt.
) [19

 <./figures//brain-samples.png>]
<figures//BT-first.PNG, id=687, 1009.97325pt x 305.34074pt>
File: figures//BT-first.PNG Graphic file (type png)
<use figures//BT-first.PNG>
Package pdftex.def Info: figures//BT-first.PNG  used on input line 522.
(pdftex.def)             Requested size: 319.81866pt x 96.68602pt.

Overfull \hbox (29.07603pt too wide) in paragraph at lines 522--522
 [] 
 []

[20

 <./figures//BT-first.PNG>]
<figures//AlexNet.PNG, id=720, 743.77875pt x 249.93375pt>
File: figures//AlexNet.PNG Graphic file (type png)
<use figures//AlexNet.PNG>
Package pdftex.def Info: figures//AlexNet.PNG  used on input line 537.
(pdftex.def)             Requested size: 290.74263pt x 97.69878pt.
 [21

 <./figures//AlexNet.PNG>]
<figures//efficientnet.png, id=753, 614.295pt x 249.93375pt>
File: figures//efficientnet.png Graphic file (type png)
<use figures//efficientnet.png>
Package pdftex.def Info: figures//efficientnet.png  used on input line 554.
(pdftex.def)             Requested size: 290.74263pt x 118.29263pt.
 [22

 <./figures//efficientnet.png (PNG copy)>]
\openout4 = `Presentazione.vrb'.

 (Presentazione.vrb) [23

]
<figures//images-noise-var-20.png, id=816, 1149.69525pt x 213.79875pt>
File: figures//images-noise-var-20.png Graphic file (type png)
<use figures//images-noise-var-20.png>
Package pdftex.def Info: figures//images-noise-var-20.png  used on input line 582.
(pdftex.def)             Requested size: 290.74263pt x 54.06612pt.
 [24

 <./figures//images-noise-var-20.png>]
Overfull \hbox (2.7142pt too wide) in paragraph at lines 599--599
 [] 
 []

[25

]
<figures//results-brain-tumor-alex-net-noise.png, id=881, 691.383pt x 455.90324pt>
File: figures//results-brain-tumor-alex-net-noise.png Graphic file (type png)
<use figures//results-brain-tumor-alex-net-noise.png>
Package pdftex.def Info: figures//results-brain-tumor-alex-net-noise.png  used on input line 608.
(pdftex.def)             Requested size: 290.74263pt x 191.71457pt.
 [26

 <./figures//results-brain-tumor-alex-net-noise.png>]
<figures//roc-alexnet.png, id=913, 722.7pt x 481.8pt>
File: figures//roc-alexnet.png Graphic file (type png)
<use figures//roc-alexnet.png>
Package pdftex.def Info: figures//roc-alexnet.png  used on input line 618.
(pdftex.def)             Requested size: 145.3713pt x 96.90965pt.
<figures//ROC-pretrained.png, id=914, 722.7pt x 481.8pt>
File: figures//ROC-pretrained.png Graphic file (type png)
<use figures//ROC-pretrained.png>
Package pdftex.def Info: figures//ROC-pretrained.png  used on input line 618.
(pdftex.def)             Requested size: 145.3713pt x 96.90965pt.
 [27

 <./figures//roc-alexnet.png> <./figures//ROC-pretrained.png>]
<figures//alzheimer.jpg, id=947, 772.0845pt x 212.59425pt>
File: figures//alzheimer.jpg Graphic file (type jpg)
<use figures//alzheimer.jpg>
Package pdftex.def Info: figures//alzheimer.jpg  used on input line 645.
(pdftex.def)             Requested size: 203.51895pt x 56.03876pt.
 [28

 <./figures//alzheimer.jpg>] [29

]
<figures//conf-matrix-first.png, id=1010, 736.7525pt x 448.67625pt>
File: figures//conf-matrix-first.png Graphic file (type png)
<use figures//conf-matrix-first.png>
Package pdftex.def Info: figures//conf-matrix-first.png  used on input line 657.
(pdftex.def)             Requested size: 261.66658pt x 159.34622pt.
 [30

 <./figures//conf-matrix-first.png>]
<figures//conf-matrix-alex.png, id=1043, 736.7525pt x 448.67625pt>
File: figures//conf-matrix-alex.png Graphic file (type png)
<use figures//conf-matrix-alex.png>
Package pdftex.def Info: figures//conf-matrix-alex.png  used on input line 665.
(pdftex.def)             Requested size: 261.66658pt x 159.34622pt.
 [31

 <./figures//conf-matrix-alex.png>]
<figures//conf-matrix-pretrained.png, id=1077, 824.07875pt x 448.67625pt>
File: figures//conf-matrix-pretrained.png Graphic file (type png)
<use figures//conf-matrix-pretrained.png>
Package pdftex.def Info: figures//conf-matrix-pretrained.png  used on input line 674.
(pdftex.def)             Requested size: 290.74263pt x 158.29874pt.
 [32

 <./figures//conf-matrix-pretrained.png>]
<figures//ofuf.png, id=1110, 429.605pt x 118.4425pt>
File: figures//ofuf.png Graphic file (type png)
<use figures//ofuf.png>
Package pdftex.def Info: figures//ofuf.png  used on input line 688.
(pdftex.def)             Requested size: 203.51895pt x 56.11075pt.
<figures//ofufkeras.png, id=1111, 642.4pt x 489.83pt>
File: figures//ofufkeras.png Graphic file (type png)
<use figures//ofufkeras.png>
Package pdftex.def Info: figures//ofufkeras.png  used on input line 688.
(pdftex.def)             Requested size: 203.51895pt x 155.17921pt.

Overfull \vbox (7.88084pt too high) detected at line 688
 []

[33

 <./figures//ofuf.png> <./figures//ofufkeras.png (PNG copy)>]
\openout4 = `Presentazione.vrb'.

 (Presentazione.vrb
LaTeX Font Info:    Trying to load font information for TS1+cmss on input line 8.
 ("D:\Program Files\MiKTeX\tex/latex/base\ts1cmss.fd"
File: ts1cmss.fd 2019/12/16 v2.5j Standard LaTeX font definitions
)
<figures//feature extractors.png, id=1144, 1154.3125pt x 81.30376pt>
File: figures//feature extractors.png Graphic file (type png)
<use figures//feature extractors.png>
Package pdftex.def Info: figures//feature extractors.png  used on input line 20.
(pdftex.def)             Requested size: 348.89026pt x 24.57367pt.

Overfull \hbox (58.14763pt too wide) in paragraph at lines 20--21
 [] 
 []

) [34

 <./figures//feature extractors.png>]
<figures//ann-flow-chart.png, id=1178, 586.19pt x 656.4525pt>
File: figures//ann-flow-chart.png Graphic file (type png)
<use figures//ann-flow-chart.png>
Package pdftex.def Info: figures//ann-flow-chart.png  used on input line 736.
(pdftex.def)             Requested size: 159.90933pt x 179.06757pt.
 [35

 <./figures//ann-flow-chart.png (PNG copy)>]
\openout4 = `Presentazione.vrb'.

 (Presentazione.vrb)
Overfull \vbox (20.19092pt too high) detected at line 764
 []

[36

]
<figures//roc-pneumonia-no-aug.png, id=1241, 395.4775pt x 279.0425pt>
File: figures//roc-pneumonia-no-aug.png Graphic file (type png)
<use figures//roc-pneumonia-no-aug.png>
Package pdftex.def Info: figures//roc-pneumonia-no-aug.png  used on input line 777.
(pdftex.def)             Requested size: 145.3713pt x 102.57137pt.
<figures//roc-pneumonia-aug.png, id=1242, 395.4775pt x 279.0425pt>
File: figures//roc-pneumonia-aug.png Graphic file (type png)
<use figures//roc-pneumonia-aug.png>
Package pdftex.def Info: figures//roc-pneumonia-aug.png  used on input line 777.
(pdftex.def)             Requested size: 145.3713pt x 102.57137pt.

Overfull \vbox (15.33362pt too high) detected at line 777
 []

[37

 <./figures//roc-pneumonia-no-aug.png> <./figures//roc-pneumonia-aug.png>]
<figures//history-pneumonia-no-aug.png, id=1277, 489.027pt x 179.4705pt>
File: figures//history-pneumonia-no-aug.png Graphic file (type png)
<use figures//history-pneumonia-no-aug.png>
Package pdftex.def Info: figures//history-pneumonia-no-aug.png  used on input line 793.
(pdftex.def)             Requested size: 290.74263pt x 106.70547pt.
 [38

 <./figures//history-pneumonia-no-aug.png>] [39

]
<figures//dropout.PNG, id=1341, 499.8675pt x 190.91325pt>
File: figures//dropout.PNG Graphic file (type png)
<use figures//dropout.PNG>
Package pdftex.def Info: figures//dropout.PNG  used on input line 828.
(pdftex.def)             Requested size: 290.74263pt x 111.04729pt.
 [40

 <./figures//dropout.PNG>]
\openout4 = `Presentazione.vrb'.

 (Presentazione.vrb) [41

]
\tf@nav=\write6
\openout6 = `Presentazione.nav'.

\tf@toc=\write7
\openout7 = `Presentazione.toc'.

\tf@snm=\write8
\openout8 = `Presentazione.snm'.

 (Presentazione.aux)
Package rerunfilecheck Info: File `Presentazione.out' has not changed.
(rerunfilecheck)             Checksum: 43E9EC029D863E66D601E5B5214ADDCB;299.
 ) 
Here is how much of TeX's memory you used:
 21393 strings out of 480236
 395773 string characters out of 2890434
 1104643 words of memory out of 3000000
 37299 multiletter control sequences out of 15000+200000
 544096 words of font info for 60 fonts, out of 3000000 for 9000
 1141 hyphenation exceptions out of 8191
 111i,16n,112p,1121b,1455s stack positions out of 5000i,500n,10000p,200000b,50000s
 <C:\Users\franc\AppData\Local\MiKTeX\fonts/pk/ljfour/jknappen/ec/dpi600\tcss0600.pk><D:/Program Files/MiKTeX/fonts/type1/public/amsfonts/cm/cmss10.pfb><D:/Program Files/MiKTeX/fonts/type1/public/amsfonts/cm/cmss12.pfb><D:/Program Files/MiKTeX/fonts/type1/public/amsfonts/cm/cmss8.pfb><D:/Program Files/MiKTeX/fonts/type1/public/amsfonts/cm/cmss9.pfb><D:/Program Files/MiKTeX/fonts/type1/public/amsfonts/cm/cmssbx10.pfb><D:/Program Files/MiKTeX/fonts/type1/public/amsfonts/cm/cmssi10.pfb><D:/Program Files/MiKTeX/fonts/type1/public/amsfonts/cm/cmssi12.pfb><D:/Program Files/MiKTeX/fonts/type1/public/amsfonts/cm/cmsy10.pfb><D:/Program Files/MiKTeX/fonts/type1/public/amsfonts/cm/cmsy8.pfb>
Output written on Presentazione.pdf (41 pages, 4793365 bytes).
PDF statistics:
 1460 PDF objects out of 1728 (max. 8388607)
 88 named destinations out of 1000 (max. 500000)
 298 words of extra memory for PDF output out of 10000 (max. 10000000)

