This is pdfTeX, Version 3.14159265-2.6-1.40.21 (MiKTeX 20.10) (preloaded format=pdflatex 2021.8.19)  4 OCT 2021 19:09
entering extended mode
**c:/Users/franc/brain-tumor-classification/tesi/tesi.tex
(c:/Users/franc/brain-tumor-classification/tesi/tesi.tex
LaTeX2e <2020-10-01> patch level 1
L3 programming layer <2020-10-05> xparse <2020-03-03> ("D:\Program Files\MiKTeX\tex/latex/base\report.cls"
Document Class: report 2020/04/10 v1.4m Standard LaTeX document class
("D:\Program Files\MiKTeX\tex/latex/base\size12.clo"
File: size12.clo 2020/04/10 v1.4m Standard LaTeX file (size option)
)
\c@part=\count175
\c@chapter=\count176
\c@section=\count177
\c@subsection=\count178
\c@subsubsection=\count179
\c@paragraph=\count180
\c@subparagraph=\count181
\c@figure=\count182
\c@table=\count183
\abovecaptionskip=\skip47
\belowcaptionskip=\skip48
\bibindent=\dimen138
) ("D:\Program Files\MiKTeX\tex/generic/babel\babel.sty"
Package: babel 2020/10/06 3.50 The Babel package
 ("D:\Program Files\MiKTeX\tex/generic/babel\babel.def"
File: babel.def 2020/10/06 3.50 Babel common definitions
\babel@savecnt=\count184
\U@D=\dimen139
\l@babelnohyphens=\language79
 ("D:\Program Files\MiKTeX\tex/generic/babel\txtbabel.def")
\bbl@readstream=\read2
)
\bbl@dirlevel=\count185

*************************************
* Local config file bblopts.cfg used
*
("D:\Program Files\MiKTeX\tex/latex/arabi\bblopts.cfg"
File: bblopts.cfg 2005/09/08 v0.1 add Arabic and Farsi to "declared" options of babel
) ("D:\Program Files\MiKTeX\tex/latex/babel-italian\italian.ldf"
Language: italian 2020/05/21 v.1.4.04 Italian support for the babel system
\it@lettering=\count186
\it@doublequoteactive=\count187
\it@ISOcompliance=\count188
)) ("D:\Program Files\MiKTeX\tex/latex/etoolbox\etoolbox.sty"
Package: etoolbox 2020/10/05 v2.5k e-TeX tools for LaTeX (JAW)
\etb@tempcnta=\count189
) ("D:\Program Files\MiKTeX\tex/latex/geometry\geometry.sty"
Package: geometry 2020/01/02 v5.9 Page Geometry
 ("D:\Program Files\MiKTeX\tex/latex/graphics\keyval.sty"
Package: keyval 2014/10/28 v1.15 key=value parser (DPC)
\KV@toks@=\toks15
) ("D:\Program Files\MiKTeX\tex/generic/iftex\ifvtex.sty"
Package: ifvtex 2019/10/25 v1.7 ifvtex legacy package. Use iftex instead.
 ("D:\Program Files\MiKTeX\tex/generic/iftex\iftex.sty"
Package: iftex 2020/03/06 v1.0d TeX engine tests
))
\Gm@cnth=\count190
\Gm@cntv=\count191
\c@Gm@tempcnt=\count192
\Gm@bindingoffset=\dimen140
\Gm@wd@mp=\dimen141
\Gm@odd@mp=\dimen142
\Gm@even@mp=\dimen143
\Gm@layoutwidth=\dimen144
\Gm@layoutheight=\dimen145
\Gm@layouthoffset=\dimen146
\Gm@layoutvoffset=\dimen147
\Gm@dimlist=\toks16
 ("D:\Program Files\MiKTeX\tex/latex/geometry\geometry.cfg")) ("D:\Program Files\MiKTeX\tex/latex/graphics\graphicx.sty"
Package: graphicx 2020/09/09 v1.2b Enhanced LaTeX Graphics (DPC,SPQR)
 ("D:\Program Files\MiKTeX\tex/latex/graphics\graphics.sty"
Package: graphics 2020/08/30 v1.4c Standard LaTeX Graphics (DPC,SPQR)
 ("D:\Program Files\MiKTeX\tex/latex/graphics\trig.sty"
Package: trig 2016/01/03 v1.10 sin cos tan (DPC)
) ("D:\Program Files\MiKTeX\tex/latex/graphics-cfg\graphics.cfg"
File: graphics.cfg 2016/06/04 v1.11 sample graphics configuration
)
Package graphics Info: Driver file: pdftex.def on input line 105.
 ("D:\Program Files\MiKTeX\tex/latex/graphics-def\pdftex.def"
File: pdftex.def 2020/10/05 v1.2a Graphics/color driver for pdftex
))
\Gin@req@height=\dimen148
\Gin@req@width=\dimen149
) ("D:\Program Files\MiKTeX\tex/latex/hyperref\hyperref.sty"
Package: hyperref 2020-05-15 v7.00e Hypertext links for LaTeX
 ("D:\Program Files\MiKTeX\tex/generic/ltxcmds\ltxcmds.sty"
Package: ltxcmds 2020-05-10 v1.25 LaTeX kernel commands for general use (HO)
) ("D:\Program Files\MiKTeX\tex/generic/pdftexcmds\pdftexcmds.sty"
Package: pdftexcmds 2020-06-27 v0.33 Utility functions of pdfTeX for LuaTeX (HO)
 ("D:\Program Files\MiKTeX\tex/generic/infwarerr\infwarerr.sty"
Package: infwarerr 2019/12/03 v1.5 Providing info/warning/error messages (HO)
)
Package pdftexcmds Info: \pdf@primitive is available.
Package pdftexcmds Info: \pdf@ifprimitive is available.
Package pdftexcmds Info: \pdfdraftmode found.
) ("D:\Program Files\MiKTeX\tex/generic/kvsetkeys\kvsetkeys.sty"
Package: kvsetkeys 2019/12/15 v1.18 Key value parser (HO)
) ("D:\Program Files\MiKTeX\tex/generic/kvdefinekeys\kvdefinekeys.sty"
Package: kvdefinekeys 2019-12-19 v1.6 Define keys (HO)
) ("D:\Program Files\MiKTeX\tex/generic/pdfescape\pdfescape.sty"
Package: pdfescape 2019/12/09 v1.15 Implements pdfTeX's escape features (HO)
) ("D:\Program Files\MiKTeX\tex/latex/hycolor\hycolor.sty"
Package: hycolor 2020-01-27 v1.10 Color options for hyperref/bookmark (HO)
) ("D:\Program Files\MiKTeX\tex/latex/letltxmacro\letltxmacro.sty"
Package: letltxmacro 2019/12/03 v1.6 Let assignment for LaTeX macros (HO)
) ("D:\Program Files\MiKTeX\tex/latex/auxhook\auxhook.sty"
Package: auxhook 2019-12-17 v1.6 Hooks for auxiliary files (HO)
) ("D:\Program Files\MiKTeX\tex/latex/kvoptions\kvoptions.sty"
Package: kvoptions 2019/11/29 v3.13 Key value format for package options (HO)
)
\@linkdim=\dimen150
\Hy@linkcounter=\count193
\Hy@pagecounter=\count194
 ("D:\Program Files\MiKTeX\tex/latex/hyperref\pd1enc.def"
File: pd1enc.def 2020-05-15 v7.00e Hyperref: PDFDocEncoding definition (HO)
Now handling font encoding PD1 ...
... no UTF-8 mapping file for font encoding PD1
) ("D:\Program Files\MiKTeX\tex/generic/intcalc\intcalc.sty"
Package: intcalc 2019/12/15 v1.3 Expandable calculations with integers (HO)
) ("D:\Program Files\MiKTeX\tex/generic/etexcmds\etexcmds.sty"
Package: etexcmds 2019/12/15 v1.7 Avoid name clashes with e-TeX commands (HO)
)
\Hy@SavedSpaceFactor=\count195
Package hyperref Info: Hyper figures OFF on input line 4464.
Package hyperref Info: Link nesting OFF on input line 4469.
Package hyperref Info: Hyper index ON on input line 4472.
Package hyperref Info: Plain pages OFF on input line 4479.
Package hyperref Info: Backreferencing OFF on input line 4484.
Package hyperref Info: Implicit mode ON; LaTeX internals redefined.
Package hyperref Info: Bookmarks ON on input line 4717.
\c@Hy@tempcnt=\count196
 ("D:\Program Files\MiKTeX\tex/latex/url\url.sty"
\Urlmuskip=\muskip16
Package: url 2013/09/16  ver 3.4  Verb mode for urls, etc.
)
LaTeX Info: Redefining \url on input line 5076.
\XeTeXLinkMargin=\dimen151
 ("D:\Program Files\MiKTeX\tex/generic/bitset\bitset.sty"
Package: bitset 2019/12/09 v1.3 Handle bit-vector datatype (HO)
 ("D:\Program Files\MiKTeX\tex/generic/bigintcalc\bigintcalc.sty"
Package: bigintcalc 2019/12/15 v1.5 Expandable calculations on big integers (HO)
))
\Fld@menulength=\count197
\Field@Width=\dimen152
\Fld@charsize=\dimen153
Package hyperref Info: Hyper figures OFF on input line 6347.
Package hyperref Info: Link nesting OFF on input line 6352.
Package hyperref Info: Hyper index ON on input line 6355.
Package hyperref Info: backreferencing OFF on input line 6362.
Package hyperref Info: Link coloring OFF on input line 6367.
Package hyperref Info: Link coloring with OCG OFF on input line 6372.
Package hyperref Info: PDF/A mode OFF on input line 6377.
LaTeX Info: Redefining \ref on input line 6417.
LaTeX Info: Redefining \pageref on input line 6421.
 ("D:\Program Files\MiKTeX\tex/latex/base\atbegshi-ltx.sty"
Package: atbegshi-ltx 2020/08/17 v1.0a Emulation of the original atbegshi package
with kernel methods
)
\Hy@abspage=\count198
\c@Item=\count199
\c@Hfootnote=\count266
)
Package hyperref Info: Driver (autodetected): hpdftex.
 ("D:\Program Files\MiKTeX\tex/latex/hyperref\hpdftex.def"
File: hpdftex.def 2020-05-15 v7.00e Hyperref driver for pdfTeX
 ("D:\Program Files\MiKTeX\tex/latex/base\atveryend-ltx.sty"
Package: atveryend-ltx 2020/08/19 v1.0a Emulation of the original atvery package
with kernel methods
)
\Fld@listcount=\count267
\c@bookmark@seq@number=\count268
 ("D:\Program Files\MiKTeX\tex/latex/rerunfilecheck\rerunfilecheck.sty"
Package: rerunfilecheck 2019/12/05 v1.9 Rerun checks for auxiliary files (HO)
 ("D:\Program Files\MiKTeX\tex/generic/uniquecounter\uniquecounter.sty"
Package: uniquecounter 2019/12/15 v1.4 Provide unlimited unique counter (HO)
)
Package uniquecounter Info: New unique counter `rerunfilecheck' on input line 286.
)
\Hy@SectionHShift=\skip49
) ("D:\Program Files\MiKTeX\tex/latex/base\inputenc.sty"
Package: inputenc 2020/08/01 v1.3d Input encoding file
\inpenc@prehook=\toks17
\inpenc@posthook=\toks18
) ("D:\Program Files\MiKTeX\tex/latex/lipsum\lipsum.sty" ("D:\Program Files\MiKTeX\tex/latex/l3kernel\expl3.sty"
Package: expl3 2020-10-05 L3 programming layer (loader) 
 ("D:\Program Files\MiKTeX\tex/latex/l3backend\l3backend-pdftex.def"
File: l3backend-pdftex.def 2020-09-24 L3 backend support: PDF output (pdfTeX)
\l__kernel_color_stack_int=\count269
\l__pdf_internal_box=\box47
)) ("D:\Program Files\MiKTeX\tex/latex/l3packages/xparse\xparse.sty"
Package: xparse 2020-10-05 L3 Experimental document command parser
 ("D:\Program Files\MiKTeX\tex/latex/l3packages/xparse\xparse-generic.tex"))
Package: lipsum 2019/01/02 v2.2 150 paragraphs of Lorem Ipsum dummy text
 ("D:\Program Files\MiKTeX\tex/latex/lipsum\lipsum.ltd.tex"
File: lipsum.ltd.tex 2019/01/02 v2.2 The Lorem ipsum dummy text
)) ("D:\Program Files\MiKTeX\tex/latex/caption\subcaption.sty"
Package: subcaption 2020/08/23 v1.3g Sub-captions (AR)
 ("D:\Program Files\MiKTeX\tex/latex/caption\caption.sty"
Package: caption 2020/09/12 v3.5b Customizing captions (AR)
 ("D:\Program Files\MiKTeX\tex/latex/caption\caption3.sty"
Package: caption3 2020/09/17 v2.1b caption3 kernel (AR)
\captionmargin=\dimen154
\captionmargin@=\dimen155
\captionwidth=\dimen156
\caption@tempdima=\dimen157
\caption@indent=\dimen158
\caption@parindent=\dimen159
\caption@hangindent=\dimen160
Package caption Info: Standard document class detected.
)
\c@caption@flags=\count270
\c@continuedfloat=\count271
Package caption Info: hyperref package is loaded.
)
\c@subfigure=\count272
\c@subtable=\count273
) ("D:\Program Files\MiKTeX\tex/latex/tocbibind\tocbibind.sty"
Package: tocbibind 2010/10/13 v1.5k extra ToC listings
Package tocbibind Info: The document has chapter divisions on input line 50.


Package tocbibind Note: Using chapter style headings, unless overridden.

) ("D:\Program Files\MiKTeX\tex/latex/titlesec\titlesec.sty"
Package: titlesec 2019/10/16 v2.13 Sectioning titles
\ttl@box=\box48
\beforetitleunit=\skip50
\aftertitleunit=\skip51
\ttl@plus=\dimen161
\ttl@minus=\dimen162
\ttl@toksa=\toks19
\titlewidth=\dimen163
\titlewidthlast=\dimen164
\titlewidthfirst=\dimen165
) ("D:\Program Files\MiKTeX\tex/latex/crimson\crimson.sty"
Package: crimson 2017/03/16 (Bob Tennent) Supports crimson fonts for all LaTeX engines. 
 ("D:\Program Files\MiKTeX\tex/generic/iftex\ifxetex.sty"
Package: ifxetex 2019/10/25 v0.7 ifxetex legacy package. Use iftex instead.
) ("D:\Program Files\MiKTeX\tex/generic/iftex\ifluatex.sty"
Package: ifluatex 2019/10/25 v1.5 ifluatex legacy package. Use iftex instead.
) ("D:\Program Files\MiKTeX\tex/latex/base\textcomp.sty"
Package: textcomp 2020/02/02 v2.0n Standard LaTeX package
) ("D:\Program Files\MiKTeX\tex/latex/xkeyval\xkeyval.sty"
Package: xkeyval 2014/12/03 v2.7a package option processing (HA)
 ("D:\Program Files\MiKTeX\tex/generic/xkeyval\xkeyval.tex" ("D:\Program Files\MiKTeX\tex/generic/xkeyval\xkvutils.tex"
\XKV@toks=\toks20
\XKV@tempa@toks=\toks21
)
\XKV@depth=\count274
File: xkeyval.tex 2014/12/03 v2.7a key=value parser (HA)
)) ("D:\Program Files\MiKTeX\tex/latex/base\fontenc.sty"
Package: fontenc 2020/08/10 v2.0s Standard LaTeX package
) ("D:\Program Files\MiKTeX\tex/latex/fontaxes\fontaxes.sty"
Package: fontaxes 2020/07/21 v1.0e Font selection axes
LaTeX Info: Redefining \upshape on input line 29.
LaTeX Info: Redefining \itshape on input line 31.
LaTeX Info: Redefining \slshape on input line 33.
LaTeX Info: Redefining \swshape on input line 35.
LaTeX Info: Redefining \scshape on input line 37.
LaTeX Info: Redefining \sscshape on input line 39.
LaTeX Info: Redefining \ulcshape on input line 41.
LaTeX Info: Redefining \textsw on input line 47.
LaTeX Info: Redefining \textssc on input line 48.
LaTeX Info: Redefining \textulc on input line 49.
)) ("D:\Program Files\MiKTeX\tex/latex/pgf-umlcd\pgf-umlcd.sty"
Package: pgf-umlcd 2011/10/01 v0.3dev Some LaTeX macros for UML Class Diagrams.
 ("D:\Program Files\MiKTeX\tex/latex/pgf/frontendlayer\tikz.sty" ("D:\Program Files\MiKTeX\tex/latex/pgf/basiclayer\pgf.sty" ("D:\Program Files\MiKTeX\tex/latex/pgf/utilities\pgfrcs.sty" ("D:\Program Files\MiKTeX\tex/generic/pgf/utilities\pgfutil-common.tex"
\pgfutil@everybye=\toks22
\pgfutil@tempdima=\dimen166
\pgfutil@tempdimb=\dimen167
 ("D:\Program Files\MiKTeX\tex/generic/pgf/utilities\pgfutil-common-lists.tex")) ("D:\Program Files\MiKTeX\tex/generic/pgf/utilities\pgfutil-latex.def"
\pgfutil@abb=\box49
) ("D:\Program Files\MiKTeX\tex/generic/pgf/utilities\pgfrcs.code.tex" ("D:\Program Files\MiKTeX\tex/generic/pgf\pgf.revision.tex")
Package: pgfrcs 2020/10/01 v3.1.6a (3.1.6a)
))
Package: pgf 2020/10/01 v3.1.6a (3.1.6a)
 ("D:\Program Files\MiKTeX\tex/latex/pgf/basiclayer\pgfcore.sty" ("D:\Program Files\MiKTeX\tex/latex/pgf/systemlayer\pgfsys.sty" ("D:\Program Files\MiKTeX\tex/generic/pgf/systemlayer\pgfsys.code.tex"
Package: pgfsys 2020/10/01 v3.1.6a (3.1.6a)
 ("D:\Program Files\MiKTeX\tex/generic/pgf/utilities\pgfkeys.code.tex"
\pgfkeys@pathtoks=\toks23
\pgfkeys@temptoks=\toks24
 ("D:\Program Files\MiKTeX\tex/generic/pgf/utilities\pgfkeysfiltered.code.tex"
\pgfkeys@tmptoks=\toks25
))
\pgf@x=\dimen168
\pgf@y=\dimen169
\pgf@xa=\dimen170
\pgf@ya=\dimen171
\pgf@xb=\dimen172
\pgf@yb=\dimen173
\pgf@xc=\dimen174
\pgf@yc=\dimen175
\pgf@xd=\dimen176
\pgf@yd=\dimen177
\w@pgf@writea=\write3
\r@pgf@reada=\read3
\c@pgf@counta=\count275
\c@pgf@countb=\count276
\c@pgf@countc=\count277
\c@pgf@countd=\count278
\t@pgf@toka=\toks26
\t@pgf@tokb=\toks27
\t@pgf@tokc=\toks28
\pgf@sys@id@count=\count279
 ("D:\Program Files\MiKTeX\tex/generic/pgf/systemlayer\pgf.cfg"
File: pgf.cfg 2020/10/01 v3.1.6a (3.1.6a)
)
Driver file for pgf: pgfsys-pdftex.def
 ("D:\Program Files\MiKTeX\tex/generic/pgf/systemlayer\pgfsys-pdftex.def"
File: pgfsys-pdftex.def 2020/10/01 v3.1.6a (3.1.6a)
 ("D:\Program Files\MiKTeX\tex/generic/pgf/systemlayer\pgfsys-common-pdf.def"
File: pgfsys-common-pdf.def 2020/10/01 v3.1.6a (3.1.6a)
))) ("D:\Program Files\MiKTeX\tex/generic/pgf/systemlayer\pgfsyssoftpath.code.tex"
File: pgfsyssoftpath.code.tex 2020/10/01 v3.1.6a (3.1.6a)
\pgfsyssoftpath@smallbuffer@items=\count280
\pgfsyssoftpath@bigbuffer@items=\count281
) ("D:\Program Files\MiKTeX\tex/generic/pgf/systemlayer\pgfsysprotocol.code.tex"
File: pgfsysprotocol.code.tex 2020/10/01 v3.1.6a (3.1.6a)
)) ("D:\Program Files\MiKTeX\tex/latex/xcolor\xcolor.sty"
Package: xcolor 2016/05/11 v2.12 LaTeX color extensions (UK)
 ("D:\Program Files\MiKTeX\tex/latex/graphics-cfg\color.cfg"
File: color.cfg 2016/01/02 v1.6 sample color configuration
)
Package xcolor Info: Driver file: pdftex.def on input line 225.
Package xcolor Info: Model `cmy' substituted by `cmy0' on input line 1348.
Package xcolor Info: Model `hsb' substituted by `rgb' on input line 1352.
Package xcolor Info: Model `RGB' extended on input line 1364.
Package xcolor Info: Model `HTML' substituted by `rgb' on input line 1366.
Package xcolor Info: Model `Hsb' substituted by `hsb' on input line 1367.
Package xcolor Info: Model `tHsb' substituted by `hsb' on input line 1368.
Package xcolor Info: Model `HSB' substituted by `hsb' on input line 1369.
Package xcolor Info: Model `Gray' substituted by `gray' on input line 1370.
Package xcolor Info: Model `wave' substituted by `hsb' on input line 1371.
) ("D:\Program Files\MiKTeX\tex/generic/pgf/basiclayer\pgfcore.code.tex"
Package: pgfcore 2020/10/01 v3.1.6a (3.1.6a)
 ("D:\Program Files\MiKTeX\tex/generic/pgf/math\pgfmath.code.tex" ("D:\Program Files\MiKTeX\tex/generic/pgf/math\pgfmathcalc.code.tex" ("D:\Program Files\MiKTeX\tex/generic/pgf/math\pgfmathutil.code.tex") ("D:\Program Files\MiKTeX\tex/generic/pgf/math\pgfmathparser.code.tex"
\pgfmath@dimen=\dimen178
\pgfmath@count=\count282
\pgfmath@box=\box50
\pgfmath@toks=\toks29
\pgfmath@stack@operand=\toks30
\pgfmath@stack@operation=\toks31
) ("D:\Program Files\MiKTeX\tex/generic/pgf/math\pgfmathfunctions.code.tex" ("D:\Program Files\MiKTeX\tex/generic/pgf/math\pgfmathfunctions.basic.code.tex") ("D:\Program Files\MiKTeX\tex/generic/pgf/math\pgfmathfunctions.trigonometric.code.tex") ("D:\Program Files\MiKTeX\tex/generic/pgf/math\pgfmathfunctions.random.code.tex") ("D:\Program Files\MiKTeX\tex/generic/pgf/math\pgfmathfunctions.comparison.code.tex") ("D:\Program Files\MiKTeX\tex/generic/pgf/math\pgfmathfunctions.base.code.tex") ("D:\Program Files\MiKTeX\tex/generic/pgf/math\pgfmathfunctions.round.code.tex") ("D:\Program Files\MiKTeX\tex/generic/pgf/math\pgfmathfunctions.misc.code.tex") ("D:\Program Files\MiKTeX\tex/generic/pgf/math\pgfmathfunctions.integerarithmetics.code.tex"))) ("D:\Program Files\MiKTeX\tex/generic/pgf/math\pgfmathfloat.code.tex"
\c@pgfmathroundto@lastzeros=\count283
)) ("D:\Program Files\MiKTeX\tex/generic/pgf/math\pgfint.code.tex") ("D:\Program Files\MiKTeX\tex/generic/pgf/basiclayer\pgfcorepoints.code.tex"
File: pgfcorepoints.code.tex 2020/10/01 v3.1.6a (3.1.6a)
\pgf@picminx=\dimen179
\pgf@picmaxx=\dimen180
\pgf@picminy=\dimen181
\pgf@picmaxy=\dimen182
\pgf@pathminx=\dimen183
\pgf@pathmaxx=\dimen184
\pgf@pathminy=\dimen185
\pgf@pathmaxy=\dimen186
\pgf@xx=\dimen187
\pgf@xy=\dimen188
\pgf@yx=\dimen189
\pgf@yy=\dimen190
\pgf@zx=\dimen191
\pgf@zy=\dimen192
) ("D:\Program Files\MiKTeX\tex/generic/pgf/basiclayer\pgfcorepathconstruct.code.tex"
File: pgfcorepathconstruct.code.tex 2020/10/01 v3.1.6a (3.1.6a)
\pgf@path@lastx=\dimen193
\pgf@path@lasty=\dimen194
) ("D:\Program Files\MiKTeX\tex/generic/pgf/basiclayer\pgfcorepathusage.code.tex"
File: pgfcorepathusage.code.tex 2020/10/01 v3.1.6a (3.1.6a)
\pgf@shorten@end@additional=\dimen195
\pgf@shorten@start@additional=\dimen196
) ("D:\Program Files\MiKTeX\tex/generic/pgf/basiclayer\pgfcorescopes.code.tex"
File: pgfcorescopes.code.tex 2020/10/01 v3.1.6a (3.1.6a)
\pgfpic=\box51
\pgf@hbox=\box52
\pgf@layerbox@main=\box53
\pgf@picture@serial@count=\count284
) ("D:\Program Files\MiKTeX\tex/generic/pgf/basiclayer\pgfcoregraphicstate.code.tex"
File: pgfcoregraphicstate.code.tex 2020/10/01 v3.1.6a (3.1.6a)
\pgflinewidth=\dimen197
) ("D:\Program Files\MiKTeX\tex/generic/pgf/basiclayer\pgfcoretransformations.code.tex"
File: pgfcoretransformations.code.tex 2020/10/01 v3.1.6a (3.1.6a)
\pgf@pt@x=\dimen198
\pgf@pt@y=\dimen199
\pgf@pt@temp=\dimen256
) ("D:\Program Files\MiKTeX\tex/generic/pgf/basiclayer\pgfcorequick.code.tex"
File: pgfcorequick.code.tex 2020/10/01 v3.1.6a (3.1.6a)
) ("D:\Program Files\MiKTeX\tex/generic/pgf/basiclayer\pgfcoreobjects.code.tex"
File: pgfcoreobjects.code.tex 2020/10/01 v3.1.6a (3.1.6a)
) ("D:\Program Files\MiKTeX\tex/generic/pgf/basiclayer\pgfcorepathprocessing.code.tex"
File: pgfcorepathprocessing.code.tex 2020/10/01 v3.1.6a (3.1.6a)
) ("D:\Program Files\MiKTeX\tex/generic/pgf/basiclayer\pgfcorearrows.code.tex"
File: pgfcorearrows.code.tex 2020/10/01 v3.1.6a (3.1.6a)
\pgfarrowsep=\dimen257
) ("D:\Program Files\MiKTeX\tex/generic/pgf/basiclayer\pgfcoreshade.code.tex"
File: pgfcoreshade.code.tex 2020/10/01 v3.1.6a (3.1.6a)
\pgf@max=\dimen258
\pgf@sys@shading@range@num=\count285
\pgf@shadingcount=\count286
) ("D:\Program Files\MiKTeX\tex/generic/pgf/basiclayer\pgfcoreimage.code.tex"
File: pgfcoreimage.code.tex 2020/10/01 v3.1.6a (3.1.6a)
 ("D:\Program Files\MiKTeX\tex/generic/pgf/basiclayer\pgfcoreexternal.code.tex"
File: pgfcoreexternal.code.tex 2020/10/01 v3.1.6a (3.1.6a)
\pgfexternal@startupbox=\box54
)) ("D:\Program Files\MiKTeX\tex/generic/pgf/basiclayer\pgfcorelayers.code.tex"
File: pgfcorelayers.code.tex 2020/10/01 v3.1.6a (3.1.6a)
) ("D:\Program Files\MiKTeX\tex/generic/pgf/basiclayer\pgfcoretransparency.code.tex"
File: pgfcoretransparency.code.tex 2020/10/01 v3.1.6a (3.1.6a)
) ("D:\Program Files\MiKTeX\tex/generic/pgf/basiclayer\pgfcorepatterns.code.tex"
File: pgfcorepatterns.code.tex 2020/10/01 v3.1.6a (3.1.6a)
) ("D:\Program Files\MiKTeX\tex/generic/pgf/basiclayer\pgfcorerdf.code.tex"
File: pgfcorerdf.code.tex 2020/10/01 v3.1.6a (3.1.6a)
))) ("D:\Program Files\MiKTeX\tex/generic/pgf/modules\pgfmoduleshapes.code.tex"
File: pgfmoduleshapes.code.tex 2020/10/01 v3.1.6a (3.1.6a)
\pgfnodeparttextbox=\box55
) ("D:\Program Files\MiKTeX\tex/generic/pgf/modules\pgfmoduleplot.code.tex"
File: pgfmoduleplot.code.tex 2020/10/01 v3.1.6a (3.1.6a)
) ("D:\Program Files\MiKTeX\tex/latex/pgf/compatibility\pgfcomp-version-0-65.sty"
Package: pgfcomp-version-0-65 2020/10/01 v3.1.6a (3.1.6a)
\pgf@nodesepstart=\dimen259
\pgf@nodesepend=\dimen260
) ("D:\Program Files\MiKTeX\tex/latex/pgf/compatibility\pgfcomp-version-1-18.sty"
Package: pgfcomp-version-1-18 2020/10/01 v3.1.6a (3.1.6a)
)) ("D:\Program Files\MiKTeX\tex/latex/pgf/utilities\pgffor.sty" ("D:\Program Files\MiKTeX\tex/latex/pgf/utilities\pgfkeys.sty" ("D:\Program Files\MiKTeX\tex/generic/pgf/utilities\pgfkeys.code.tex")) ("D:\Program Files\MiKTeX\tex/latex/pgf/math\pgfmath.sty" ("D:\Program Files\MiKTeX\tex/generic/pgf/math\pgfmath.code.tex")) ("D:\Program Files\MiKTeX\tex/generic/pgf/utilities\pgffor.code.tex"
Package: pgffor 2020/10/01 v3.1.6a (3.1.6a)
 ("D:\Program Files\MiKTeX\tex/generic/pgf/math\pgfmath.code.tex")
\pgffor@iter=\dimen261
\pgffor@skip=\dimen262
\pgffor@stack=\toks32
\pgffor@toks=\toks33
)) ("D:\Program Files\MiKTeX\tex/generic/pgf/frontendlayer/tikz\tikz.code.tex"
Package: tikz 2020/10/01 v3.1.6a (3.1.6a)
 ("D:\Program Files\MiKTeX\tex/generic/pgf/libraries\pgflibraryplothandlers.code.tex"
File: pgflibraryplothandlers.code.tex 2020/10/01 v3.1.6a (3.1.6a)
\pgf@plot@mark@count=\count287
\pgfplotmarksize=\dimen263
)
\tikz@lastx=\dimen264
\tikz@lasty=\dimen265
\tikz@lastxsaved=\dimen266
\tikz@lastysaved=\dimen267
\tikz@lastmovetox=\dimen268
\tikz@lastmovetoy=\dimen269
\tikzleveldistance=\dimen270
\tikzsiblingdistance=\dimen271
\tikz@figbox=\box56
\tikz@figbox@bg=\box57
\tikz@tempbox=\box58
\tikz@tempbox@bg=\box59
\tikztreelevel=\count288
\tikznumberofchildren=\count289
\tikznumberofcurrentchild=\count290
\tikz@fig@count=\count291
 ("D:\Program Files\MiKTeX\tex/generic/pgf/modules\pgfmodulematrix.code.tex"
File: pgfmodulematrix.code.tex 2020/10/01 v3.1.6a (3.1.6a)
\pgfmatrixcurrentrow=\count292
\pgfmatrixcurrentcolumn=\count293
\pgf@matrix@numberofcolumns=\count294
)
\tikz@expandcount=\count295
 ("D:\Program Files\MiKTeX\tex/generic/pgf/frontendlayer/tikz/libraries\tikzlibrarytopaths.code.tex"
File: tikzlibrarytopaths.code.tex 2020/10/01 v3.1.6a (3.1.6a)
))) ("D:\Program Files\MiKTeX\tex/generic/pgf/frontendlayer/tikz/libraries\tikzlibraryarrows.code.tex"
File: tikzlibraryarrows.code.tex 2020/10/01 v3.1.6a (3.1.6a)
 ("D:\Program Files\MiKTeX\tex/generic/pgf/libraries\pgflibraryarrows.code.tex"
File: pgflibraryarrows.code.tex 2020/10/01 v3.1.6a (3.1.6a)
\arrowsize=\dimen272
)) ("D:\Program Files\MiKTeX\tex/generic/pgf/frontendlayer/tikz/libraries\tikzlibraryshapes.multipart.code.tex"
File: tikzlibraryshapes.multipart.code.tex 2020/10/01 v3.1.6a (3.1.6a)
 ("D:\Program Files\MiKTeX\tex/generic/pgf/libraries/shapes\pgflibraryshapes.multipart.code.tex"
File: pgflibraryshapes.multipart.code.tex 2020/10/01 v3.1.6a (3.1.6a)
\pgfnodepartlowerbox=\box60
\pgfnodeparttwobox=\box61
\pgfnodepartthreebox=\box62
\pgfnodepartfourbox=\box63
\pgfnodeparttwentybox=\box64
\pgfnodepartnineteenbox=\box65
\pgfnodeparteighteenbox=\box66
\pgfnodepartseventeenbox=\box67
\pgfnodepartsixteenbox=\box68
\pgfnodepartfifteenbox=\box69
\pgfnodepartfourteenbox=\box70
\pgfnodepartthirteenbox=\box71
\pgfnodeparttwelvebox=\box72
\pgfnodepartelevenbox=\box73
\pgfnodeparttenbox=\box74
\pgfnodepartninebox=\box75
\pgfnodeparteightbox=\box76
\pgfnodepartsevenbox=\box77
\pgfnodepartsixbox=\box78
\pgfnodepartfivebox=\box79
)) ("D:\Program Files\MiKTeX\tex/generic/pgf/frontendlayer/tikz/libraries\tikzlibrarybackgrounds.code.tex"
File: tikzlibrarybackgrounds.code.tex 2020/10/01 v3.1.6a (3.1.6a)
\pgf@layerbox@background=\box80
\pgf@layerboxsaved@background=\box81
) ("D:\Program Files\MiKTeX\tex/generic/pgf/frontendlayer/tikz/libraries\tikzlibraryfit.code.tex"
File: tikzlibraryfit.code.tex 2020/10/01 v3.1.6a (3.1.6a)
)
\pgf@layerbox@connectionlayers=\box82
\pgf@layerboxsaved@connectionlayers=\box83
\c@umlcdClassAttributesNum=\count296
\c@umlcdClassOperationsNum=\count297
\c@umlcdClassAbstractClassNum=\count298
\c@umlcdClassInterfaceNum=\count299
\c@umlcdClassSplitPartNum=\count300
) ("D:\Program Files\MiKTeX\tex/latex/float\float.sty"
Package: float 2001/11/08 v1.3d Float enhancements (AL)
\c@float@type=\count301
\float@exts=\toks34
\float@box=\box84
\@float@everytoks=\toks35
\@floatcapt=\box85
) ("D:\Program Files\MiKTeX\tex/latex/wrapfig\wrapfig.sty"
\wrapoverhang=\dimen273
\WF@size=\dimen274
\c@WF@wrappedlines=\count302
\WF@box=\box86
\WF@everypar=\toks36
Package: wrapfig 2003/01/31  v 3.6
) ("D:\Program Files\MiKTeX\tex/latex/fancyhdr\fancyhdr.sty"
Package: fancyhdr 2021/01/28 v4.0.1 Extensive control of page headers and footers
\f@nch@headwidth=\skip52
\f@nch@O@elh=\skip53
\f@nch@O@erh=\skip54
\f@nch@O@olh=\skip55
\f@nch@O@orh=\skip56
\f@nch@O@elf=\skip57
\f@nch@O@erf=\skip58
\f@nch@O@olf=\skip59
\f@nch@O@orf=\skip60
) ("D:\Program Files\MiKTeX\tex/latex/listings\listings.sty"
\lst@mode=\count303
\lst@gtempboxa=\box87
\lst@token=\toks37
\lst@length=\count304
\lst@currlwidth=\dimen275
\lst@column=\count305
\lst@pos=\count306
\lst@lostspace=\dimen276
\lst@width=\dimen277
\lst@newlines=\count307
\lst@lineno=\count308
\lst@maxwidth=\dimen278
 ("D:\Program Files\MiKTeX\tex/latex/listings\lstmisc.sty"
File: lstmisc.sty 2020/03/24 1.8d (Carsten Heinz)
\c@lstnumber=\count309
\lst@skipnumbers=\count310
\lst@framebox=\box88
) ("D:\Program Files\MiKTeX\tex/latex/listings\listings.cfg"
File: listings.cfg 2020/03/24 1.8d listings configuration
))
Package: listings 2020/03/24 1.8d (Carsten Heinz)
 ("D:\Program Files\MiKTeX\tex/latex/setspace\setspace.sty"
Package: setspace 2011/12/19 v6.7a set line spacing
) ("D:\Program Files\MiKTeX\tex/latex/tools\longtable.sty"
Package: longtable 2020/01/07 v4.13 Multi-page Table package (DPC)
\LTleft=\skip61
\LTright=\skip62
\LTpre=\skip63
\LTpost=\skip64
\LTchunksize=\count311
\LTcapwidth=\dimen279
\LT@head=\box89
\LT@firsthead=\box90
\LT@foot=\box91
\LT@lastfoot=\box92
\LT@cols=\count312
\LT@rows=\count313
\c@LT@tables=\count314
\c@LT@chunks=\count315
\LT@p@ftn=\toks38
) ("D:\Program Files\MiKTeX\tex/latex/systeme\systeme.sty" ("D:\Program Files\MiKTeX\tex/latex/xstring\xstring.sty" ("D:\Program Files\MiKTeX\tex/generic/xstring\xstring.tex"
\integerpart=\count316
\decimalpart=\count317
)
Package: xstring 2021/07/21 v1.84 String manipulations (CT)
) ("D:\Program Files\MiKTeX\tex/generic/systeme\systeme.tex"
\SYS_systemecode=\toks39
\SYS_systempreamble=\toks40
\SYSeqnum=\count318
)
Package: systeme 2020/05/03 v0.34 Mise en forme de systemes d'equations (CT)
) ("D:\Program Files\MiKTeX\tex/latex/amsmath\amsmath.sty"
Package: amsmath 2020/09/23 v2.17i AMS math features
\@mathmargin=\skip65

For additional information on amsmath, use the `?' option.
("D:\Program Files\MiKTeX\tex/latex/amsmath\amstext.sty"
Package: amstext 2000/06/29 v2.01 AMS text
 ("D:\Program Files\MiKTeX\tex/latex/amsmath\amsgen.sty"
File: amsgen.sty 1999/11/30 v2.0 generic functions
\@emptytoks=\toks41
\ex@=\dimen280
)) ("D:\Program Files\MiKTeX\tex/latex/amsmath\amsbsy.sty"
Package: amsbsy 1999/11/29 v1.2d Bold Symbols
\pmbraise@=\dimen281
) ("D:\Program Files\MiKTeX\tex/latex/amsmath\amsopn.sty"
Package: amsopn 2016/03/08 v2.02 operator names
)
\inf@bad=\count319
LaTeX Info: Redefining \frac on input line 234.
\uproot@=\count320
\leftroot@=\count321
LaTeX Info: Redefining \overline on input line 399.
\classnum@=\count322
\DOTSCASE@=\count323
LaTeX Info: Redefining \ldots on input line 496.
LaTeX Info: Redefining \dots on input line 499.
LaTeX Info: Redefining \cdots on input line 620.
\Mathstrutbox@=\box93
\strutbox@=\box94
\big@size=\dimen282
LaTeX Font Info:    Redeclaring font encoding OML on input line 743.
LaTeX Font Info:    Redeclaring font encoding OMS on input line 744.
\macc@depth=\count324
\c@MaxMatrixCols=\count325
\dotsspace@=\muskip17
\c@parentequation=\count326
\dspbrk@lvl=\count327
\tag@help=\toks42
\row@=\count328
\column@=\count329
\maxfields@=\count330
\andhelp@=\toks43
\eqnshift@=\dimen283
\alignsep@=\dimen284
\tagshift@=\dimen285
\tagwidth@=\dimen286
\totwidth@=\dimen287
\lineht@=\dimen288
\@envbody=\toks44
\multlinegap=\skip66
\multlinetaggap=\skip67
\mathdisplay@stack=\toks45
LaTeX Info: Redefining \[ on input line 2923.
LaTeX Info: Redefining \] on input line 2924.
) (pythonhighlight.sty
Package: pythonhighlight 2011/09/19 python code highlighting; provided by Olivier Verdier <olivier.verdier@gmail.com>
) ("D:\Program Files\MiKTeX\tex/latex/tools\tabularx.sty"
Package: tabularx 2020/01/15 v2.11c `tabularx' package (DPC)
 ("D:\Program Files\MiKTeX\tex/latex/tools\array.sty"
Package: array 2019/08/31 v2.4l Tabular extension package (FMi)
\col@sep=\dimen289
\ar@mcellbox=\box95
\extrarowheight=\dimen290
\NC@list=\toks46
\extratabsurround=\skip68
\backup@length=\skip69
\ar@cellbox=\box96
)
\TX@col@width=\dimen291
\TX@old@table=\dimen292
\TX@old@col=\dimen293
\TX@target=\dimen294
\TX@delta=\dimen295
\TX@cols=\count331
\TX@ftn=\toks47
) ("D:\Program Files\MiKTeX\tex/latex/booktabs\booktabs.sty"
Package: booktabs 2020/01/12 v1.61803398 Publication quality tables
\heavyrulewidth=\dimen296
\lightrulewidth=\dimen297
\cmidrulewidth=\dimen298
\belowrulesep=\dimen299
\belowbottomsep=\dimen300
\aboverulesep=\dimen301
\abovetopsep=\dimen302
\cmidrulesep=\dimen303
\cmidrulekern=\dimen304
\defaultaddspace=\dimen305
\@cmidla=\count332
\@cmidlb=\count333
\@aboverulesep=\dimen306
\@belowrulesep=\dimen307
\@thisruleclass=\count334
\@lastruleclass=\count335
\@thisrulewidth=\dimen308
) ("D:\Program Files\MiKTeX\tex/latex/tools\multicol.sty"
Package: multicol 2019/12/09 v1.8y multicolumn formatting (FMi)
\c@tracingmulticols=\count336
\mult@box=\box97
\multicol@leftmargin=\dimen309
\c@unbalance=\count337
\c@collectmore=\count338
\doublecol@number=\count339
\multicoltolerance=\count340
\multicolpretolerance=\count341
\full@width=\dimen310
\page@free=\dimen311
\premulticols=\dimen312
\postmulticols=\dimen313
\multicolsep=\skip70
\multicolbaselineskip=\skip71
\partial@page=\box98
\last@line=\box99
\maxbalancingoverflow=\dimen314
\mult@rightbox=\box100
\mult@grightbox=\box101
\mult@gfirstbox=\box102
\mult@firstbox=\box103
\@tempa=\box104
\@tempa=\box105
\@tempa=\box106
\@tempa=\box107
\@tempa=\box108
\@tempa=\box109
\@tempa=\box110
\@tempa=\box111
\@tempa=\box112
\@tempa=\box113
\@tempa=\box114
\@tempa=\box115
\@tempa=\box116
\@tempa=\box117
\@tempa=\box118
\@tempa=\box119
\@tempa=\box120
\@tempa=\box121
\@tempa=\box122
\@tempa=\box123
\@tempa=\box124
\@tempa=\box125
\@tempa=\box126
\@tempa=\box127
\@tempa=\box128
\@tempa=\box129
\@tempa=\box130
\@tempa=\box131
\@tempa=\box132
\@tempa=\box133
\@tempa=\box134
\@tempa=\box135
\@tempa=\box136
\@tempa=\box137
\@tempa=\box138
\@tempa=\box139
\@tempa=\box140
\c@minrows=\count342
\c@columnbadness=\count343
\c@finalcolumnbadness=\count344
\last@try=\dimen315
\multicolovershoot=\dimen316
\multicolundershoot=\dimen317
\mult@nat@firstbox=\box141
\colbreak@box=\box142
\mc@col@check@num=\count345
) ("D:\Program Files\MiKTeX\tex/generic/pgf/frontendlayer/tikz/libraries\tikzlibrarycalc.code.tex"
File: tikzlibrarycalc.code.tex 2020/10/01 v3.1.6a (3.1.6a)
)
LaTeX Font Info:    Trying to load font information for OT1+bch on input line 47.
 ("D:\Program Files\MiKTeX\tex/latex/psnfss\ot1bch.fd"
File: ot1bch.fd 2004/10/18 font definitions for OT1/bch.
)
LaTeX Font Info:    Trying to load font information for OT1+Crimson-TLF on input line 70.
 ("D:\Program Files\MiKTeX\tex/latex/crimson\ot1crimson-tlf.fd"
File: OT1Crimson-TLF.fd 2016/02/19 (autoinst) Font definitions for OT1/Crimson-TLF.
)
LaTeX Font Info:    Font shape `OT1/Crimson-TLF/m/n' will be
(Font)              scaled to size 12.0pt on input line 70.
 (tesi.aux

LaTeX Warning: Label `fi:dcalc' multiply defined.


LaTeX Warning: Label `fi:dcalc' multiply defined.


LaTeX Warning: Label `fi:dcalc' multiply defined.


LaTeX Warning: Label `fi:dcalc' multiply defined.


LaTeX Warning: Label `fi:dcalc' multiply defined.


LaTeX Warning: Label `fi:dcalc' multiply defined.


LaTeX Warning: Label `fi:dcalc' multiply defined.


LaTeX Warning: Label `fi:dcalc' multiply defined.


LaTeX Warning: Label `fi:dcalc' multiply defined.


LaTeX Warning: Label `fi:dcalc' multiply defined.


LaTeX Warning: Label `fi:dcalc' multiply defined.


LaTeX Warning: Label `fi:dcalc' multiply defined.


LaTeX Warning: Label `fig:snap1' multiply defined.


LaTeX Warning: Label `sub@fig:snap1' multiply defined.


LaTeX Warning: Label `fig:snap2' multiply defined.


LaTeX Warning: Label `sub@fig:snap2' multiply defined.


LaTeX Warning: Label `fig:fig' multiply defined.


LaTeX Warning: Label `fig:snap1' multiply defined.


LaTeX Warning: Label `sub@fig:snap1' multiply defined.


LaTeX Warning: Label `fig:snap2' multiply defined.


LaTeX Warning: Label `sub@fig:snap2' multiply defined.


LaTeX Warning: Label `fig:fig' multiply defined.


LaTeX Warning: Label `fi:dcalc' multiply defined.


LaTeX Warning: Label `fi:dcalc' multiply defined.


LaTeX Warning: Label `fi:dcalc' multiply defined.


LaTeX Warning: Label `fi:dcalc' multiply defined.


LaTeX Warning: Label `fi:dcalc' multiply defined.


LaTeX Warning: Label `fig:snap1' multiply defined.


LaTeX Warning: Label `sub@fig:snap1' multiply defined.


LaTeX Warning: Label `fig:snap2' multiply defined.


LaTeX Warning: Label `sub@fig:snap2' multiply defined.


LaTeX Warning: Label `fig:fig' multiply defined.


LaTeX Warning: Label `fig:snap1' multiply defined.


LaTeX Warning: Label `sub@fig:snap1' multiply defined.


LaTeX Warning: Label `fig:snap2' multiply defined.


LaTeX Warning: Label `sub@fig:snap2' multiply defined.


LaTeX Warning: Label `fig:fig' multiply defined.


LaTeX Warning: Label `fig:snap1' multiply defined.


LaTeX Warning: Label `sub@fig:snap1' multiply defined.


LaTeX Warning: Label `fig:snap2' multiply defined.


LaTeX Warning: Label `sub@fig:snap2' multiply defined.


LaTeX Warning: Label `fig:fig' multiply defined.


LaTeX Warning: Label `fi:dcalc' multiply defined.


LaTeX Warning: Label `fig:snap1' multiply defined.


LaTeX Warning: Label `sub@fig:snap1' multiply defined.


LaTeX Warning: Label `fig:snap2' multiply defined.


LaTeX Warning: Label `sub@fig:snap2' multiply defined.


LaTeX Warning: Label `fig:snap3' multiply defined.


LaTeX Warning: Label `sub@fig:snap3' multiply defined.


LaTeX Warning: Label `fig:fig' multiply defined.


LaTeX Warning: Label `fi:dcalc' multiply defined.


LaTeX Warning: Label `fig:snap1' multiply defined.


LaTeX Warning: Label `sub@fig:snap1' multiply defined.


LaTeX Warning: Label `fig:snap2' multiply defined.


LaTeX Warning: Label `sub@fig:snap2' multiply defined.


LaTeX Warning: Label `fig:fig' multiply defined.


LaTeX Warning: Label `fig:snap1' multiply defined.


LaTeX Warning: Label `sub@fig:snap1' multiply defined.


LaTeX Warning: Label `fig:snap2' multiply defined.


LaTeX Warning: Label `sub@fig:snap2' multiply defined.


LaTeX Warning: Label `fig:fig' multiply defined.

)
\openout1 = `tesi.aux'.

LaTeX Font Info:    Checking defaults for OML/cmm/m/it on input line 70.
LaTeX Font Info:    ... okay on input line 70.
LaTeX Font Info:    Checking defaults for OMS/cmsy/m/n on input line 70.
LaTeX Font Info:    ... okay on input line 70.
LaTeX Font Info:    Checking defaults for OT1/cmr/m/n on input line 70.
LaTeX Font Info:    ... okay on input line 70.
LaTeX Font Info:    Checking defaults for T1/cmr/m/n on input line 70.
LaTeX Font Info:    ... okay on input line 70.
LaTeX Font Info:    Checking defaults for TS1/cmr/m/n on input line 70.
LaTeX Font Info:    ... okay on input line 70.
LaTeX Font Info:    Checking defaults for OMX/cmex/m/n on input line 70.
LaTeX Font Info:    ... okay on input line 70.
LaTeX Font Info:    Checking defaults for U/cmr/m/n on input line 70.
LaTeX Font Info:    ... okay on input line 70.
LaTeX Font Info:    Checking defaults for PD1/pdf/m/n on input line 70.
LaTeX Font Info:    ... okay on input line 70.
LaTeX Info: Redefining \it@ocap on input line 70.
LaTeX Info: Redefining \it@ccap on input line 70.


File italian.ldf warning: 
italian.ldf    With OT1 encoding guillemets are poorly faked
italian.ldf    Use T1 encoding
italian.ldf    or specify a font with command \CaporaliFrom
italian.ldf    See the documentation concerning the babel-italian typesetting 
italian.ldf    on input line 70.

*geometry* driver: auto-detecting
*geometry* detected driver: pdftex
*geometry* verbose mode - [ preamble ] result:
* driver: pdftex
* paper: a4paper
* layout: <same size as paper>
* layoutoffset:(h,v)=(0.0pt,0.0pt)
* modes: 
* h-part:(L,W,R)=(89.62709pt, 418.25368pt, 89.6271pt)
* v-part:(T,H,B)=(101.40665pt, 591.5302pt, 152.11pt)
* \paperwidth=597.50787pt
* \paperheight=845.04684pt
* \textwidth=418.25368pt
* \textheight=591.5302pt
* \oddsidemargin=17.3571pt
* \evensidemargin=17.3571pt
* \topmargin=-7.86334pt
* \headheight=12.0pt
* \headsep=25.0pt
* \topskip=12.0pt
* \footskip=30.0pt
* \marginparwidth=35.0pt
* \marginparsep=10.0pt
* \columnsep=28.45274pt
* \skip\footins=10.8pt plus 4.0pt minus 2.0pt
* \hoffset=0.0pt
* \voffset=0.0pt
* \mag=1000
* \@twocolumnfalse
* \@twosidefalse
* \@mparswitchfalse
* \@reversemarginfalse
* (1in=72.27pt=25.4mm, 1cm=28.453pt)

("D:\Program Files\MiKTeX\tex/context/base/mkii\supp-pdf.mkii"
[Loading MPS to PDF converter (version 2006.09.02).]
\scratchcounter=\count346
\scratchdimen=\dimen318
\scratchbox=\box143
\nofMPsegments=\count347
\nofMParguments=\count348
\everyMPshowfont=\toks48
\MPscratchCnt=\count349
\MPscratchDim=\dimen319
\MPnumerator=\count350
\makeMPintoPDFobject=\count351
\everyMPtoPDFconversion=\toks49
) ("D:\Program Files\MiKTeX\tex/latex/epstopdf-pkg\epstopdf-base.sty"
Package: epstopdf-base 2020-01-24 v2.11 Base part for package epstopdf
Package epstopdf-base Info: Redefining graphics rule for `.eps' on input line 485.
)
Package hyperref Info: Link coloring OFF on input line 70.
 ("D:\Program Files\MiKTeX\tex/latex/hyperref\nameref.sty"
Package: nameref 2019/09/16 v2.46 Cross-referencing by name of section
 ("D:\Program Files\MiKTeX\tex/latex/refcount\refcount.sty"
Package: refcount 2019/12/15 v3.6 Data extraction from label references (HO)
) ("D:\Program Files\MiKTeX\tex/generic/gettitlestring\gettitlestring.sty"
Package: gettitlestring 2019/12/15 v1.6 Cleanup title references (HO)
)
\c@section@level=\count352
)
LaTeX Info: Redefining \ref on input line 70.
LaTeX Info: Redefining \pageref on input line 70.
LaTeX Info: Redefining \nameref on input line 70.
 (tesi.out) (tesi.out)
\@outlinefile=\write4
\openout4 = `tesi.out'.

Package caption Info: Begin \AtBeginDocument code.
Package caption Info: float package is loaded.
Package caption Info: listings package is loaded.
Package caption Info: longtable package is loaded.
 ("D:\Program Files\MiKTeX\tex/latex/caption\ltcaption.sty"
Package: ltcaption 2020/05/30 v1.4b longtable captions (AR)
)
Package caption Info: wrapfig package is loaded.
Package caption Info: End \AtBeginDocument code.
\c@mv@tabular=\count353
\c@mv@boldtabular=\count354
\c@lstlisting=\count355
LaTeX Font Info:    Font shape `OT1/Crimson-TLF/m/n' will be
(Font)              scaled to size 17.28pt on input line 78.
LaTeX Font Info:    Font shape `OT1/Crimson-TLF/m/n' will be
(Font)              scaled to size 21.8pt on input line 86.
LaTeX Font Info:    Font shape `OT1/Crimson-TLF/b/n' will be
(Font)              scaled to size 21.8pt on input line 86.
LaTeX Font Info:    Font shape `OT1/Crimson-TLF/m/n' will be
(Font)              scaled to size 14.4pt on input line 94.
LaTeX Font Info:    Font shape `OT1/Crimson-TLF/m/it' will be
(Font)              scaled to size 14.4pt on input line 94.
<Figures/logounipg2021.png, id=166, 523.7166pt x 255.5949pt>
File: Figures/logounipg2021.png Graphic file (type png)
<use Figures/logounipg2021.png>
Package pdftex.def Info: Figures/logounipg2021.png  used on input line 108.
(pdftex.def)             Requested size: 209.12683pt x 102.06454pt.
 [1

{C:/Users/franc/AppData/Local/MiKTeX/pdftex/config/pdftex.map} <./Figures/logounipg2021.png>]pdfTeX warning (ext4): destination with the same identifier (name{page.1}) has been already used, duplicate ignored
<to be read again> 
                   \relax 
l.116 \newpage \thispagestyle{empty} \ \newpage
                                                [1

]
LaTeX Font Info:    Font shape `OT1/Crimson-TLF/m/n' will be
(Font)              scaled to size 24.88pt on input line 121.
LaTeX Font Info:    Font shape `OT1/Crimson-TLF/b/n' will be
(Font)              scaled to size 24.88pt on input line 121.
 (tesi.toc
LaTeX Font Info:    Font shape `OT1/Crimson-TLF/b/n' will be
(Font)              scaled to size 12.0pt on input line 3.
 [2

])
\tf@toc=\write5
\openout5 = `tesi.toc'.

LaTeX Font Info:    Font shape `OT1/Crimson-TLF/m/sl' in size <12> not available
(Font)              Font shape `OT1/Crimson-TLF/m/it' tried instead on input line 128.
LaTeX Font Info:    Font shape `OT1/Crimson-TLF/m/it' will be
(Font)              scaled to size 12.0pt on input line 128.


Package fancyhdr Warning: \headheight is too small (12.0pt): 
(fancyhdr)                Make it at least 14.49998pt, for example:
(fancyhdr)                \setlength{\headheight}{14.49998pt}.
(fancyhdr)                You might also make \topmargin smaller to compensate:
(fancyhdr)                \addtolength{\topmargin}{-2.49998pt}.

[3]
Capitolo 1.
(Capitoli/ch1.tex [4

]
LaTeX Font Info:    Trying to load font information for TS1+Crimson-TLF on input line 29.
 ("D:\Program Files\MiKTeX\tex/latex/crimson\ts1crimson-tlf.fd"
File: TS1Crimson-TLF.fd 2016/02/19 (autoinst) Font definitions for TS1/Crimson-TLF.
)
LaTeX Font Info:    Font shape `TS1/Crimson-TLF/m/n' will be
(Font)              scaled to size 12.0pt on input line 29.
)

Package fancyhdr Warning: \headheight is too small (12.0pt): 
(fancyhdr)                Make it at least 14.49998pt, for example:
(fancyhdr)                \setlength{\headheight}{14.49998pt}.
(fancyhdr)                You might also make \topmargin smaller to compensate:
(fancyhdr)                \addtolength{\topmargin}{-2.49998pt}.

[5]
Capitolo 2.
(Capitoli/ch2.tex
LaTeX Font Info:    Font shape `OT1/Crimson-TLF/b/n' will be
(Font)              scaled to size 17.28pt on input line 1.
LaTeX Font Info:    Font shape `OT1/Crimson-TLF/m/n' will be
(Font)              scaled to size 8.0pt on input line 11.
LaTeX Font Info:    Font shape `OT1/Crimson-TLF/m/n' will be
(Font)              scaled to size 10.0pt on input line 12.
LaTeX Font Info:    Font shape `OT1/Crimson-TLF/m/n' will be
(Font)              scaled to size 7.0pt on input line 12.
 [6

]

Package fancyhdr Warning: \headheight is too small (12.0pt): 
(fancyhdr)                Make it at least 14.49998pt, for example:
(fancyhdr)                \setlength{\headheight}{14.49998pt}.
(fancyhdr)                You might also make \topmargin smaller to compensate:
(fancyhdr)                \addtolength{\topmargin}{-2.49998pt}.

[7]
<Figures/schema apprendimento supervisionato.png, id=260, 251.7405pt x 206.57175pt>
File: Figures/schema apprendimento supervisionato.png Graphic file (type png)
<use Figures/schema apprendimento supervisionato.png>
Package pdftex.def Info: Figures/schema apprendimento supervisionato.png  used on input line 104.
(pdftex.def)             Requested size: 334.60422pt x 274.5888pt.
LaTeX Font Info:    Font shape `OT1/Crimson-TLF/m/n' will be
(Font)              scaled to size 10.95pt on input line 107.


Package fancyhdr Warning: \headheight is too small (12.0pt): 
(fancyhdr)                Make it at least 14.49998pt, for example:
(fancyhdr)                \setlength{\headheight}{14.49998pt}.
(fancyhdr)                You might also make \topmargin smaller to compensate:
(fancyhdr)                \addtolength{\topmargin}{-2.49998pt}.

[8]
<Figures/neuron.jpeg, id=271, 803.0pt x 481.8pt>
File: Figures/neuron.jpeg Graphic file (type jpg)
<use Figures/neuron.jpeg>
Package pdftex.def Info: Figures/neuron.jpeg  used on input line 132.
(pdftex.def)             Requested size: 418.25368pt x 250.95648pt.


Package fancyhdr Warning: \headheight is too small (12.0pt): 
(fancyhdr)                Make it at least 14.49998pt, for example:
(fancyhdr)                \setlength{\headheight}{14.49998pt}.
(fancyhdr)                You might also make \topmargin smaller to compensate:
(fancyhdr)                \addtolength{\topmargin}{-2.49998pt}.

[9 <./Figures/schema apprendimento supervisionato.png>]

Package fancyhdr Warning: \headheight is too small (12.0pt): 
(fancyhdr)                Make it at least 14.49998pt, for example:
(fancyhdr)                \setlength{\headheight}{14.49998pt}.
(fancyhdr)                You might also make \topmargin smaller to compensate:
(fancyhdr)                \addtolength{\topmargin}{-2.49998pt}.

[10 <./Figures/neuron.jpeg>]
LaTeX Font Info:    Font shape `OT1/Crimson-TLF/m/n' will be
(Font)              scaled to size 6.0pt on input line 151.
<Figures/neuron.PNG, id=290, 401.0985pt x 141.52875pt>
File: Figures/neuron.PNG Graphic file (type png)
<use Figures/neuron.PNG>
Package pdftex.def Info: Figures/neuron.PNG  used on input line 178.
(pdftex.def)             Requested size: 209.12683pt x 73.78972pt.


Package fancyhdr Warning: \headheight is too small (12.0pt): 
(fancyhdr)                Make it at least 14.49998pt, for example:
(fancyhdr)                \setlength{\headheight}{14.49998pt}.
(fancyhdr)                You might also make \topmargin smaller to compensate:
(fancyhdr)                \addtolength{\topmargin}{-2.49998pt}.

[11 <./Figures/neuron.PNG>]
<Figures/confronto neurone biologico-artificiale.PNG, id=305, 505.89pt x 300.52275pt>
File: Figures/confronto neurone biologico-artificiale.PNG Graphic file (type png)
<use Figures/confronto neurone biologico-artificiale.PNG>
Package pdftex.def Info: Figures/confronto neurone biologico-artificiale.PNG  used on input line 205.
(pdftex.def)             Requested size: 334.60422pt x 198.77208pt.


Package fancyhdr Warning: \headheight is too small (12.0pt): 
(fancyhdr)                Make it at least 14.49998pt, for example:
(fancyhdr)                \setlength{\headheight}{14.49998pt}.
(fancyhdr)                You might also make \topmargin smaller to compensate:
(fancyhdr)                \addtolength{\topmargin}{-2.49998pt}.

[12 <./Figures/confronto neurone biologico-artificiale.PNG>]

Package fancyhdr Warning: \headheight is too small (12.0pt): 
(fancyhdr)                Make it at least 14.49998pt, for example:
(fancyhdr)                \setlength{\headheight}{14.49998pt}.
(fancyhdr)                You might also make \topmargin smaller to compensate:
(fancyhdr)                \addtolength{\topmargin}{-2.49998pt}.

[13]
<Figures/deep-neural-network.jpg, id=321, 1284.8pt x 722.7pt>
File: Figures/deep-neural-network.jpg Graphic file (type jpg)
<use Figures/deep-neural-network.jpg>
Package pdftex.def Info: Figures/deep-neural-network.jpg  used on input line 266.
(pdftex.def)             Requested size: 334.60422pt x 188.20633pt.


Package fancyhdr Warning: \headheight is too small (12.0pt): 
(fancyhdr)                Make it at least 14.49998pt, for example:
(fancyhdr)                \setlength{\headheight}{14.49998pt}.
(fancyhdr)                You might also make \topmargin smaller to compensate:
(fancyhdr)                \addtolength{\topmargin}{-2.49998pt}.

[14 <./Figures/deep-neural-network.jpg>]

Package fancyhdr Warning: \headheight is too small (12.0pt): 
(fancyhdr)                Make it at least 14.49998pt, for example:
(fancyhdr)                \setlength{\headheight}{14.49998pt}.
(fancyhdr)                You might also make \topmargin smaller to compensate:
(fancyhdr)                \addtolength{\topmargin}{-2.49998pt}.

[15]

Package fancyhdr Warning: \headheight is too small (12.0pt): 
(fancyhdr)                Make it at least 14.49998pt, for example:
(fancyhdr)                \setlength{\headheight}{14.49998pt}.
(fancyhdr)                You might also make \topmargin smaller to compensate:
(fancyhdr)                \addtolength{\topmargin}{-2.49998pt}.

[16]

Package fancyhdr Warning: \headheight is too small (12.0pt): 
(fancyhdr)                Make it at least 14.49998pt, for example:
(fancyhdr)                \setlength{\headheight}{14.49998pt}.
(fancyhdr)                You might also make \topmargin smaller to compensate:
(fancyhdr)                \addtolength{\topmargin}{-2.49998pt}.

[17]

Package fancyhdr Warning: \headheight is too small (12.0pt): 
(fancyhdr)                Make it at least 14.49998pt, for example:
(fancyhdr)                \setlength{\headheight}{14.49998pt}.
(fancyhdr)                You might also make \topmargin smaller to compensate:
(fancyhdr)                \addtolength{\topmargin}{-2.49998pt}.

[18]

Package fancyhdr Warning: \headheight is too small (12.0pt): 
(fancyhdr)                Make it at least 14.49998pt, for example:
(fancyhdr)                \setlength{\headheight}{14.49998pt}.
(fancyhdr)                You might also make \topmargin smaller to compensate:
(fancyhdr)                \addtolength{\topmargin}{-2.49998pt}.

[19]

Package fancyhdr Warning: \headheight is too small (12.0pt): 
(fancyhdr)                Make it at least 14.49998pt, for example:
(fancyhdr)                \setlength{\headheight}{14.49998pt}.
(fancyhdr)                You might also make \topmargin smaller to compensate:
(fancyhdr)                \addtolength{\topmargin}{-2.49998pt}.

[20]

Package fancyhdr Warning: \headheight is too small (12.0pt): 
(fancyhdr)                Make it at least 14.49998pt, for example:
(fancyhdr)                \setlength{\headheight}{14.49998pt}.
(fancyhdr)                You might also make \topmargin smaller to compensate:
(fancyhdr)                \addtolength{\topmargin}{-2.49998pt}.

[21]
<Figures/ofuf.PNG, id=371, 717.68124pt x 216.81pt>
File: Figures/ofuf.PNG Graphic file (type png)
<use Figures/ofuf.PNG>
Package pdftex.def Info: Figures/ofuf.PNG  used on input line 530.
(pdftex.def)             Requested size: 334.60422pt x 101.08357pt.


Package fancyhdr Warning: \headheight is too small (12.0pt): 
(fancyhdr)                Make it at least 14.49998pt, for example:
(fancyhdr)                \setlength{\headheight}{14.49998pt}.
(fancyhdr)                You might also make \topmargin smaller to compensate:
(fancyhdr)                \addtolength{\topmargin}{-2.49998pt}.

[22 <./Figures/ofuf.PNG>]

LaTeX Warning: Command \textellipsis invalid in math mode on input line 572.


Package fancyhdr Warning: \headheight is too small (12.0pt): 
(fancyhdr)                Make it at least 14.49998pt, for example:
(fancyhdr)                \setlength{\headheight}{14.49998pt}.
(fancyhdr)                You might also make \topmargin smaller to compensate:
(fancyhdr)                \addtolength{\topmargin}{-2.49998pt}.

[23])

Package fancyhdr Warning: \headheight is too small (12.0pt): 
(fancyhdr)                Make it at least 14.49998pt, for example:
(fancyhdr)                \setlength{\headheight}{14.49998pt}.
(fancyhdr)                You might also make \topmargin smaller to compensate:
(fancyhdr)                \addtolength{\topmargin}{-2.49998pt}.

[24]
Capitolo 3.
(Capitoli/ch3.tex [25

]
LaTeX Font Info:    Font shape `OT1/Crimson-TLF/b/n' will be
(Font)              scaled to size 14.4pt on input line 33.


Package fancyhdr Warning: \headheight is too small (12.0pt): 
(fancyhdr)                Make it at least 14.49998pt, for example:
(fancyhdr)                \setlength{\headheight}{14.49998pt}.
(fancyhdr)                You might also make \topmargin smaller to compensate:
(fancyhdr)                \addtolength{\topmargin}{-2.49998pt}.

[26]
<Figures/feature map.PNG, id=404, 474.573pt x 177.0615pt>
File: Figures/feature map.PNG Graphic file (type png)
<use Figures/feature map.PNG>
Package pdftex.def Info: Figures/feature map.PNG  used on input line 59.
(pdftex.def)             Requested size: 334.60422pt x 124.84186pt.


Package fancyhdr Warning: \headheight is too small (12.0pt): 
(fancyhdr)                Make it at least 14.49998pt, for example:
(fancyhdr)                \setlength{\headheight}{14.49998pt}.
(fancyhdr)                You might also make \topmargin smaller to compensate:
(fancyhdr)                \addtolength{\topmargin}{-2.49998pt}.

[27 <./Figures/feature map.PNG>]
<Figures/cnn-schema.PNG, id=418, 428.802pt x 121.6545pt>
File: Figures/cnn-schema.PNG Graphic file (type png)
<use Figures/cnn-schema.PNG>
Package pdftex.def Info: Figures/cnn-schema.PNG  used on input line 119.
(pdftex.def)             Requested size: 334.60422pt x 94.9328pt.


Package fancyhdr Warning: \headheight is too small (12.0pt): 
(fancyhdr)                Make it at least 14.49998pt, for example:
(fancyhdr)                \setlength{\headheight}{14.49998pt}.
(fancyhdr)                You might also make \topmargin smaller to compensate:
(fancyhdr)                \addtolength{\topmargin}{-2.49998pt}.

[28]
<Figures/convoluzione.jpg, id=427, 1067.99pt x 752.8125pt>
File: Figures/convoluzione.jpg Graphic file (type jpg)
<use Figures/convoluzione.jpg>
Package pdftex.def Info: Figures/convoluzione.jpg  used on input line 140.
(pdftex.def)             Requested size: 334.60422pt x 235.86214pt.


Package fancyhdr Warning: \headheight is too small (12.0pt): 
(fancyhdr)                Make it at least 14.49998pt, for example:
(fancyhdr)                \setlength{\headheight}{14.49998pt}.
(fancyhdr)                You might also make \topmargin smaller to compensate:
(fancyhdr)                \addtolength{\topmargin}{-2.49998pt}.

[29 <./Figures/cnn-schema.PNG>]
<Figures/padding.PNG, id=436, 523.9575pt x 109.6095pt>
File: Figures/padding.PNG Graphic file (type png)
<use Figures/padding.PNG>
Package pdftex.def Info: Figures/padding.PNG  used on input line 157.
(pdftex.def)             Requested size: 334.60422pt x 69.9993pt.
LaTeX Font Info:    Font shape `OT1/Crimson-TLF/m/it' will be
(Font)              scaled to size 10.95pt on input line 161.


Package fancyhdr Warning: \headheight is too small (12.0pt): 
(fancyhdr)                Make it at least 14.49998pt, for example:
(fancyhdr)                \setlength{\headheight}{14.49998pt}.
(fancyhdr)                You might also make \topmargin smaller to compensate:
(fancyhdr)                \addtolength{\topmargin}{-2.49998pt}.

[30 <./Figures/convoluzione.jpg> <./Figures/padding.PNG>]

Package fancyhdr Warning: \headheight is too small (12.0pt): 
(fancyhdr)                Make it at least 14.49998pt, for example:
(fancyhdr)                \setlength{\headheight}{14.49998pt}.
(fancyhdr)                You might also make \topmargin smaller to compensate:
(fancyhdr)                \addtolength{\topmargin}{-2.49998pt}.

[31]

Package fancyhdr Warning: \headheight is too small (12.0pt): 
(fancyhdr)                Make it at least 14.49998pt, for example:
(fancyhdr)                \setlength{\headheight}{14.49998pt}.
(fancyhdr)                You might also make \topmargin smaller to compensate:
(fancyhdr)                \addtolength{\topmargin}{-2.49998pt}.

[32]
<Figures/pooling-ex.PNG, id=460, 574.5465pt x 282.45525pt>
File: Figures/pooling-ex.PNG Graphic file (type png)
<use Figures/pooling-ex.PNG>
Package pdftex.def Info: Figures/pooling-ex.PNG  used on input line 242.
(pdftex.def)             Requested size: 334.60422pt x 164.49649pt.


Package fancyhdr Warning: \headheight is too small (12.0pt): 
(fancyhdr)                Make it at least 14.49998pt, for example:
(fancyhdr)                \setlength{\headheight}{14.49998pt}.
(fancyhdr)                You might also make \topmargin smaller to compensate:
(fancyhdr)                \addtolength{\topmargin}{-2.49998pt}.

[33 <./Figures/pooling-ex.PNG>])

Package fancyhdr Warning: \headheight is too small (12.0pt): 
(fancyhdr)                Make it at least 14.49998pt, for example:
(fancyhdr)                \setlength{\headheight}{14.49998pt}.
(fancyhdr)                You might also make \topmargin smaller to compensate:
(fancyhdr)                \addtolength{\topmargin}{-2.49998pt}.

[34]
Capitolo 4.
(Capitoli/ch4.tex [35

]

Package fancyhdr Warning: \headheight is too small (12.0pt): 
(fancyhdr)                Make it at least 14.49998pt, for example:
(fancyhdr)                \setlength{\headheight}{14.49998pt}.
(fancyhdr)                You might also make \topmargin smaller to compensate:
(fancyhdr)                \addtolength{\topmargin}{-2.49998pt}.

[36]

Package fancyhdr Warning: \headheight is too small (12.0pt): 
(fancyhdr)                Make it at least 14.49998pt, for example:
(fancyhdr)                \setlength{\headheight}{14.49998pt}.
(fancyhdr)                You might also make \topmargin smaller to compensate:
(fancyhdr)                \addtolength{\topmargin}{-2.49998pt}.

[37])

Package fancyhdr Warning: \headheight is too small (12.0pt): 
(fancyhdr)                Make it at least 14.49998pt, for example:
(fancyhdr)                \setlength{\headheight}{14.49998pt}.
(fancyhdr)                You might also make \topmargin smaller to compensate:
(fancyhdr)                \addtolength{\topmargin}{-2.49998pt}.

[38]
Capitolo 5.
(Capitoli/ch5.tex
<Figures//san.jpeg, id=503, 229.3368pt x 159.9576pt>
File: Figures//san.jpeg Graphic file (type jpg)
<use Figures//san.jpeg>
Package pdftex.def Info: Figures//san.jpeg  used on input line 19.
(pdftex.def)             Requested size: 127.15161pt x 88.68475pt.
<Figures//bacteria.jpeg, id=504, 229.3368pt x 159.9576pt>
File: Figures//bacteria.jpeg Graphic file (type jpg)
<use Figures//bacteria.jpeg>
Package pdftex.def Info: Figures//bacteria.jpeg  used on input line 26.
(pdftex.def)             Requested size: 127.15161pt x 88.68475pt.
<Figures//virus.jpeg, id=505, 955.57pt x 666.49pt>
File: Figures//virus.jpeg Graphic file (type jpg)
<use Figures//virus.jpeg>
Package pdftex.def Info: Figures//virus.jpeg  used on input line 33.
(pdftex.def)             Requested size: 127.15161pt x 88.6807pt.
 [39

]

Package fancyhdr Warning: \headheight is too small (12.0pt): 
(fancyhdr)                Make it at least 14.49998pt, for example:
(fancyhdr)                \setlength{\headheight}{14.49998pt}.
(fancyhdr)                You might also make \topmargin smaller to compensate:
(fancyhdr)                \addtolength{\topmargin}{-2.49998pt}.

[40 <./Figures//san.jpeg> <./Figures//bacteria.jpeg> <./Figures//virus.jpeg>]

Package fancyhdr Warning: \headheight is too small (12.0pt): 
(fancyhdr)                Make it at least 14.49998pt, for example:
(fancyhdr)                \setlength{\headheight}{14.49998pt}.
(fancyhdr)                You might also make \topmargin smaller to compensate:
(fancyhdr)                \addtolength{\topmargin}{-2.49998pt}.

[41]

Package fancyhdr Warning: \headheight is too small (12.0pt): 
(fancyhdr)                Make it at least 14.49998pt, for example:
(fancyhdr)                \setlength{\headheight}{14.49998pt}.
(fancyhdr)                You might also make \topmargin smaller to compensate:
(fancyhdr)                \addtolength{\topmargin}{-2.49998pt}.

[42]

Package fancyhdr Warning: \headheight is too small (12.0pt): 
(fancyhdr)                Make it at least 14.49998pt, for example:
(fancyhdr)                \setlength{\headheight}{14.49998pt}.
(fancyhdr)                You might also make \topmargin smaller to compensate:
(fancyhdr)                \addtolength{\topmargin}{-2.49998pt}.

[43]

Package fancyhdr Warning: \headheight is too small (12.0pt): 
(fancyhdr)                Make it at least 14.49998pt, for example:
(fancyhdr)                \setlength{\headheight}{14.49998pt}.
(fancyhdr)                You might also make \topmargin smaller to compensate:
(fancyhdr)                \addtolength{\topmargin}{-2.49998pt}.

[44] ("D:\Program Files\MiKTeX\tex/latex/listings\lstlang1.sty"
File: lstlang1.sty 2020/03/24 1.8d listings language file
)

Package Listings Warning: Text dropped after begin of listing on input line 133.

LaTeX Font Info:    Font shape `OT1/cmtt/bx/n' in size <10> not available
(Font)              Font shape `OT1/cmtt/m/n' tried instead on input line 148.
Package hyperref Info: bookmark level for unknown lstlisting defaults to 0 on input line 152.

Package fancyhdr Warning: \headheight is too small (12.0pt): 
(fancyhdr)                Make it at least 14.49998pt, for example:
(fancyhdr)                \setlength{\headheight}{14.49998pt}.
(fancyhdr)                You might also make \topmargin smaller to compensate:
(fancyhdr)                \addtolength{\topmargin}{-2.49998pt}.

[45]
Overfull \hbox (3.8455pt too wide) in paragraph at lines 161--162
[][][][][] 
 []


Overfull \hbox (3.8455pt too wide) in paragraph at lines 163--164
[][][][][] 
 []


Overfull \hbox (3.8455pt too wide) in paragraph at lines 165--166
[][][][][] 
 []


Overfull \hbox (3.8455pt too wide) in paragraph at lines 167--168
[][][][][] 
 []


Overfull \hbox (3.8455pt too wide) in paragraph at lines 169--170
[][][][][] 
 []


Overfull \hbox (3.8455pt too wide) in paragraph at lines 171--172
[][][][][] 
 []


Overfull \hbox (3.8455pt too wide) in paragraph at lines 173--174
[][][][][] 
 []


Overfull \hbox (3.8455pt too wide) in paragraph at lines 175--176
[][][][][] 
 []


Overfull \hbox (3.8455pt too wide) in paragraph at lines 177--178
[][][][][] 
 []


Overfull \hbox (3.8455pt too wide) in paragraph at lines 179--180
[][][][][] 
 []


Overfull \hbox (3.8455pt too wide) in paragraph at lines 181--182
[][][][][] 
 []


Overfull \hbox (3.8455pt too wide) in paragraph at lines 183--184
[][][][][] 
 []


Package fancyhdr Warning: \headheight is too small (12.0pt): 
(fancyhdr)                Make it at least 14.49998pt, for example:
(fancyhdr)                \setlength{\headheight}{14.49998pt}.
(fancyhdr)                You might also make \topmargin smaller to compensate:
(fancyhdr)                \addtolength{\topmargin}{-2.49998pt}.

[46]
Overfull \hbox (3.8455pt too wide) in paragraph at lines 185--186
[][][][][] 
 []


Package fancyhdr Warning: \headheight is too small (12.0pt): 
(fancyhdr)                Make it at least 14.49998pt, for example:
(fancyhdr)                \setlength{\headheight}{14.49998pt}.
(fancyhdr)                You might also make \topmargin smaller to compensate:
(fancyhdr)                \addtolength{\topmargin}{-2.49998pt}.

[47]

Package fancyhdr Warning: \headheight is too small (12.0pt): 
(fancyhdr)                Make it at least 14.49998pt, for example:
(fancyhdr)                \setlength{\headheight}{14.49998pt}.
(fancyhdr)                You might also make \topmargin smaller to compensate:
(fancyhdr)                \addtolength{\topmargin}{-2.49998pt}.

[48]
<Figures/best-augmented-images-pneumonia.png, id=611, 859.21pt x 536.0025pt>
File: Figures/best-augmented-images-pneumonia.png Graphic file (type png)
<use Figures/best-augmented-images-pneumonia.png>
Package pdftex.def Info: Figures/best-augmented-images-pneumonia.png  used on input line 268.
(pdftex.def)             Requested size: 376.42575pt x 234.82767pt.


Package fancyhdr Warning: \headheight is too small (12.0pt): 
(fancyhdr)                Make it at least 14.49998pt, for example:
(fancyhdr)                \setlength{\headheight}{14.49998pt}.
(fancyhdr)                You might also make \topmargin smaller to compensate:
(fancyhdr)                \addtolength{\topmargin}{-2.49998pt}.

[49]
<Figures/ofuf (2).PNG, id=616, 545.03625pt x 354.123pt>
File: Figures/ofuf (2).PNG Graphic file (type png)
<use Figures/ofuf (2).PNG>
Package pdftex.def Info: Figures/ofuf (2).PNG  used on input line 292.
(pdftex.def)             Requested size: 376.42575pt x 244.57207pt.


Package fancyhdr Warning: \headheight is too small (12.0pt): 
(fancyhdr)                Make it at least 14.49998pt, for example:
(fancyhdr)                \setlength{\headheight}{14.49998pt}.
(fancyhdr)                You might also make \topmargin smaller to compensate:
(fancyhdr)                \addtolength{\topmargin}{-2.49998pt}.

[50 <./Figures/best-augmented-images-pneumonia.png>]
<Figures/history-pneumonia-no-aug.png, id=625, 373.395pt x 248.93pt>
File: Figures/history-pneumonia-no-aug.png Graphic file (type png)
<use Figures/history-pneumonia-no-aug.png>
Package pdftex.def Info: Figures/history-pneumonia-no-aug.png  used on input line 313.
(pdftex.def)             Requested size: 198.66985pt x 132.44504pt.
<Figures/history-pneumonia-aug1.png, id=626, 373.395pt x 248.93pt>
File: Figures/history-pneumonia-aug1.png Graphic file (type png)
<use Figures/history-pneumonia-aug1.png>
Package pdftex.def Info: Figures/history-pneumonia-aug1.png  used on input line 320.
(pdftex.def)             Requested size: 198.66985pt x 132.44504pt.


Package fancyhdr Warning: \headheight is too small (12.0pt): 
(fancyhdr)                Make it at least 14.49998pt, for example:
(fancyhdr)                \setlength{\headheight}{14.49998pt}.
(fancyhdr)                You might also make \topmargin smaller to compensate:
(fancyhdr)                \addtolength{\topmargin}{-2.49998pt}.

[51 <./Figures/ofuf (2).PNG>]
LaTeX Font Info:    Font shape `OT1/Crimson-TLF/m/it' will be
(Font)              scaled to size 10.0pt on input line 359.


Package fancyhdr Warning: \headheight is too small (12.0pt): 
(fancyhdr)                Make it at least 14.49998pt, for example:
(fancyhdr)                \setlength{\headheight}{14.49998pt}.
(fancyhdr)                You might also make \topmargin smaller to compensate:
(fancyhdr)                \addtolength{\topmargin}{-2.49998pt}.

[52 <./Figures/history-pneumonia-no-aug.png> <./Figures/history-pneumonia-aug1.png>]

Package fancyhdr Warning: \headheight is too small (12.0pt): 
(fancyhdr)                Make it at least 14.49998pt, for example:
(fancyhdr)                \setlength{\headheight}{14.49998pt}.
(fancyhdr)                You might also make \topmargin smaller to compensate:
(fancyhdr)                \addtolength{\topmargin}{-2.49998pt}.

[53]
<Figures/conf-matrix-no-aug.png, id=648, 353.32pt x 269.005pt>
File: Figures/conf-matrix-no-aug.png Graphic file (type png)
<use Figures/conf-matrix-no-aug.png>
Package pdftex.def Info: Figures/conf-matrix-no-aug.png  used on input line 411.
(pdftex.def)             Requested size: 198.66985pt x 151.26157pt.
<Figures/conf-matrix-pneumonia-aug.png, id=649, 353.32pt x 269.005pt>
File: Figures/conf-matrix-pneumonia-aug.png Graphic file (type png)
<use Figures/conf-matrix-pneumonia-aug.png>
Package pdftex.def Info: Figures/conf-matrix-pneumonia-aug.png  used on input line 418.
(pdftex.def)             Requested size: 198.66985pt x 151.26157pt.
<Figures/pneumonia results.png, id=650, 1151.30125pt x 1153.30875pt>
File: Figures/pneumonia results.png Graphic file (type png)
<use Figures/pneumonia results.png>
Package pdftex.def Info: Figures/pneumonia results.png  used on input line 435.
(pdftex.def)             Requested size: 376.42575pt x 377.07346pt.


Package fancyhdr Warning: \headheight is too small (12.0pt): 
(fancyhdr)                Make it at least 14.49998pt, for example:
(fancyhdr)                \setlength{\headheight}{14.49998pt}.
(fancyhdr)                You might also make \topmargin smaller to compensate:
(fancyhdr)                \addtolength{\topmargin}{-2.49998pt}.

[54 <./Figures/conf-matrix-no-aug.png> <./Figures/conf-matrix-pneumonia-aug.png>]

Package fancyhdr Warning: \headheight is too small (12.0pt): 
(fancyhdr)                Make it at least 14.49998pt, for example:
(fancyhdr)                \setlength{\headheight}{14.49998pt}.
(fancyhdr)                You might also make \topmargin smaller to compensate:
(fancyhdr)                \addtolength{\topmargin}{-2.49998pt}.

[55 <./Figures/pneumonia results.png>]
Overfull \hbox (10.90553pt too wide) in paragraph at lines 464--472
[][] 
 []


Package fancyhdr Warning: \headheight is too small (12.0pt): 
(fancyhdr)                Make it at least 14.49998pt, for example:
(fancyhdr)                \setlength{\headheight}{14.49998pt}.
(fancyhdr)                You might also make \topmargin smaller to compensate:
(fancyhdr)                \addtolength{\topmargin}{-2.49998pt}.

[56]

Package fancyhdr Warning: \headheight is too small (12.0pt): 
(fancyhdr)                Make it at least 14.49998pt, for example:
(fancyhdr)                \setlength{\headheight}{14.49998pt}.
(fancyhdr)                You might also make \topmargin smaller to compensate:
(fancyhdr)                \addtolength{\topmargin}{-2.49998pt}.

[57]
<Figures/brain-samples.png, id=677, 1134.2375pt x 320.19624pt>
File: Figures/brain-samples.png Graphic file (type png)
<use Figures/brain-samples.png>
Package pdftex.def Info: Figures/brain-samples.png  used on input line 506.
(pdftex.def)             Requested size: 460.08159pt x 129.87907pt.

Overfull \hbox (41.82791pt too wide) in paragraph at lines 506--509
 [][] 
 []


Package fancyhdr Warning: \headheight is too small (12.0pt): 
(fancyhdr)                Make it at least 26.68423pt, for example:
(fancyhdr)                \setlength{\headheight}{26.68423pt}.
(fancyhdr)                You might also make \topmargin smaller to compensate:
(fancyhdr)                \addtolength{\topmargin}{-14.68423pt}.

[58 <./Figures/brain-samples.png>]
<Figures/dropout.png, id=685, 499.8675pt x 190.91325pt>
File: Figures/dropout.png Graphic file (type png)
<use Figures/dropout.png>
Package pdftex.def Info: Figures/dropout.png  used on input line 540.
(pdftex.def)             Requested size: 334.60422pt x 127.79759pt.


Package fancyhdr Warning: \headheight is too small (12.0pt): 
(fancyhdr)                Make it at least 14.49998pt, for example:
(fancyhdr)                \setlength{\headheight}{14.49998pt}.
(fancyhdr)                You might also make \topmargin smaller to compensate:
(fancyhdr)                \addtolength{\topmargin}{-2.49998pt}.

[59]

Package fancyhdr Warning: \headheight is too small (12.0pt): 
(fancyhdr)                Make it at least 26.68423pt, for example:
(fancyhdr)                \setlength{\headheight}{26.68423pt}.
(fancyhdr)                You might also make \topmargin smaller to compensate:
(fancyhdr)                \addtolength{\topmargin}{-14.68423pt}.

[60 <./Figures/dropout.png>]

Package fancyhdr Warning: \headheight is too small (12.0pt): 
(fancyhdr)                Make it at least 14.49998pt, for example:
(fancyhdr)                \setlength{\headheight}{14.49998pt}.
(fancyhdr)                You might also make \topmargin smaller to compensate:
(fancyhdr)                \addtolength{\topmargin}{-2.49998pt}.

[61]

Package fancyhdr Warning: \headheight is too small (12.0pt): 
(fancyhdr)                Make it at least 26.68423pt, for example:
(fancyhdr)                \setlength{\headheight}{26.68423pt}.
(fancyhdr)                You might also make \topmargin smaller to compensate:
(fancyhdr)                \addtolength{\topmargin}{-14.68423pt}.

[62]

Package fancyhdr Warning: \headheight is too small (12.0pt): 
(fancyhdr)                Make it at least 14.49998pt, for example:
(fancyhdr)                \setlength{\headheight}{14.49998pt}.
(fancyhdr)                You might also make \topmargin smaller to compensate:
(fancyhdr)                \addtolength{\topmargin}{-2.49998pt}.

[63]
<Figures/alexnet.png, id=758, 2698.08pt x 1007.765pt>
File: Figures/alexnet.png Graphic file (type png)
<use Figures/alexnet.png>
Package pdftex.def Info: Figures/alexnet.png  used on input line 645.
(pdftex.def)             Requested size: 376.42575pt x 140.59406pt.


Package fancyhdr Warning: \headheight is too small (12.0pt): 
(fancyhdr)                Make it at least 26.68423pt, for example:
(fancyhdr)                \setlength{\headheight}{26.68423pt}.
(fancyhdr)                You might also make \topmargin smaller to compensate:
(fancyhdr)                \addtolength{\topmargin}{-14.68423pt}.

[64 <./Figures/alexnet.png>]

Package fancyhdr Warning: \headheight is too small (12.0pt): 
(fancyhdr)                Make it at least 14.49998pt, for example:
(fancyhdr)                \setlength{\headheight}{14.49998pt}.
(fancyhdr)                You might also make \topmargin smaller to compensate:
(fancyhdr)                \addtolength{\topmargin}{-2.49998pt}.

[65]
<Figures/EfficientNet.png, id=794, 335.45325pt x 160.1985pt>
File: Figures/EfficientNet.png Graphic file (type png)
<use Figures/EfficientNet.png>
Package pdftex.def Info: Figures/EfficientNet.png  used on input line 685.
(pdftex.def)             Requested size: 334.60422pt x 159.79965pt.


Package fancyhdr Warning: \headheight is too small (12.0pt): 
(fancyhdr)                Make it at least 26.68423pt, for example:
(fancyhdr)                \setlength{\headheight}{26.68423pt}.
(fancyhdr)                You might also make \topmargin smaller to compensate:
(fancyhdr)                \addtolength{\topmargin}{-14.68423pt}.

[66 <./Figures/EfficientNet.png>]

Package fancyhdr Warning: \headheight is too small (12.0pt): 
(fancyhdr)                Make it at least 14.49998pt, for example:
(fancyhdr)                \setlength{\headheight}{14.49998pt}.
(fancyhdr)                You might also make \topmargin smaller to compensate:
(fancyhdr)                \addtolength{\topmargin}{-2.49998pt}.

[67]
Overfull \hbox (32.52155pt too wide) in paragraph at lines 757--762
[][][][][][][][][][][][][][][] 
 []


Package fancyhdr Warning: \headheight is too small (12.0pt): 
(fancyhdr)                Make it at least 26.68423pt, for example:
(fancyhdr)                \setlength{\headheight}{26.68423pt}.
(fancyhdr)                You might also make \topmargin smaller to compensate:
(fancyhdr)                \addtolength{\topmargin}{-14.68423pt}.

[68]
<Figures/history-first-model-original.png, id=836, 834.11626pt x 468.75125pt>
File: Figures/history-first-model-original.png Graphic file (type png)
<use Figures/history-first-model-original.png>
Package pdftex.def Info: Figures/history-first-model-original.png  used on input line 810.
(pdftex.def)             Requested size: 198.66985pt x 111.64429pt.
<Figures/history-first-model-aug.png, id=837, 834.11626pt x 466.74374pt>
File: Figures/history-first-model-aug.png Graphic file (type png)
<use Figures/history-first-model-aug.png>
Package pdftex.def Info: Figures/history-first-model-aug.png  used on input line 817.
(pdftex.def)             Requested size: 198.66985pt x 111.16615pt.


Package fancyhdr Warning: \headheight is too small (12.0pt): 
(fancyhdr)                Make it at least 14.49998pt, for example:
(fancyhdr)                \setlength{\headheight}{14.49998pt}.
(fancyhdr)                You might also make \topmargin smaller to compensate:
(fancyhdr)                \addtolength{\topmargin}{-2.49998pt}.

[69]

Package fancyhdr Warning: \headheight is too small (12.0pt): 
(fancyhdr)                Make it at least 26.68423pt, for example:
(fancyhdr)                \setlength{\headheight}{26.68423pt}.
(fancyhdr)                You might also make \topmargin smaller to compensate:
(fancyhdr)                \addtolength{\topmargin}{-14.68423pt}.

[70 <./Figures/history-first-model-original.png> <./Figures/history-first-model-aug.png>]
<Figures/images-no-noise.png, id=853, 692.5875pt x 510.90875pt>
File: Figures/images-no-noise.png Graphic file (type png)
<use Figures/images-no-noise.png>
Package pdftex.def Info: Figures/images-no-noise.png  used on input line 857.
(pdftex.def)             Requested size: 198.66985pt x 146.5538pt.
<Figures/images-noise-var-20.png, id=854, 410.13225pt x 321.6015pt>
File: Figures/images-noise-var-20.png Graphic file (type png)
<use Figures/images-noise-var-20.png>
Package pdftex.def Info: Figures/images-noise-var-20.png  used on input line 864.
(pdftex.def)             Requested size: 198.66985pt x 155.78516pt.
<Figures/history-alexnet-original.png, id=855, 830.10126pt x 446.66875pt>
File: Figures/history-alexnet-original.png Graphic file (type png)
<use Figures/history-alexnet-original.png>
Package pdftex.def Info: Figures/history-alexnet-original.png  used on input line 893.
(pdftex.def)             Requested size: 198.66985pt x 106.9028pt.
<Figures/history-alexnet-noise.png, id=856, 830.10126pt x 466.74374pt>
File: Figures/history-alexnet-noise.png Graphic file (type png)
<use Figures/history-alexnet-noise.png>
Package pdftex.def Info: Figures/history-alexnet-noise.png  used on input line 900.
(pdftex.def)             Requested size: 198.66985pt x 111.70741pt.


Package fancyhdr Warning: \headheight is too small (12.0pt): 
(fancyhdr)                Make it at least 14.49998pt, for example:
(fancyhdr)                \setlength{\headheight}{14.49998pt}.
(fancyhdr)                You might also make \topmargin smaller to compensate:
(fancyhdr)                \addtolength{\topmargin}{-2.49998pt}.

[71 <./Figures/images-no-noise.png> <./Figures/images-noise-var-20.png>]

Package fancyhdr Warning: \headheight is too small (12.0pt): 
(fancyhdr)                Make it at least 26.68423pt, for example:
(fancyhdr)                \setlength{\headheight}{26.68423pt}.
(fancyhdr)                You might also make \topmargin smaller to compensate:
(fancyhdr)                \addtolength{\topmargin}{-14.68423pt}.

[72 <./Figures/history-alexnet-original.png> <./Figures/history-alexnet-noise.png>]
<Figures/history-model-pretrained.png, id=874, 841.1425pt x 502.87875pt>
File: Figures/history-model-pretrained.png Graphic file (type png)
<use Figures/history-model-pretrained.png>
Package pdftex.def Info: Figures/history-model-pretrained.png  used on input line 926.
(pdftex.def)             Requested size: 334.60422pt x 200.04297pt.
<Figures//conf-matrix-first.png, id=875, 736.7525pt x 448.67625pt>
File: Figures//conf-matrix-first.png Graphic file (type png)
<use Figures//conf-matrix-first.png>
Package pdftex.def Info: Figures//conf-matrix-first.png  used on input line 937.
(pdftex.def)             Requested size: 250.95476pt x 152.8286pt.
<Figures//conf-matrix-alex.png, id=876, 736.7525pt x 448.67625pt>
File: Figures//conf-matrix-alex.png Graphic file (type png)
<use Figures//conf-matrix-alex.png>
Package pdftex.def Info: Figures//conf-matrix-alex.png  used on input line 944.
(pdftex.def)             Requested size: 250.95476pt x 152.8286pt.
<Figures//conf-matrix-pretrained.png, id=877, 824.07875pt x 448.67625pt>
File: Figures//conf-matrix-pretrained.png Graphic file (type png)
<use Figures//conf-matrix-pretrained.png>
Package pdftex.def Info: Figures//conf-matrix-pretrained.png  used on input line 952.
(pdftex.def)             Requested size: 291.72963pt x 158.83275pt.
<Figures/brain-tumr-results.png, id=878, 1151.30125pt x 1153.30875pt>
File: Figures/brain-tumr-results.png Graphic file (type png)
<use Figures/brain-tumr-results.png>
Package pdftex.def Info: Figures/brain-tumr-results.png  used on input line 963.
(pdftex.def)             Requested size: 460.08159pt x 460.87538pt.

Overfull \hbox (41.82791pt too wide) in paragraph at lines 963--967
 [][] 
 []


Package fancyhdr Warning: \headheight is too small (12.0pt): 
(fancyhdr)                Make it at least 14.49998pt, for example:
(fancyhdr)                \setlength{\headheight}{14.49998pt}.
(fancyhdr)                You might also make \topmargin smaller to compensate:
(fancyhdr)                \addtolength{\topmargin}{-2.49998pt}.

[73 <./Figures/history-model-pretrained.png>]
Overfull \vbox (1.7597pt too high) has occurred while \output is active []



Package fancyhdr Warning: \headheight is too small (12.0pt): 
(fancyhdr)                Make it at least 26.68423pt, for example:
(fancyhdr)                \setlength{\headheight}{26.68423pt}.
(fancyhdr)                You might also make \topmargin smaller to compensate:
(fancyhdr)                \addtolength{\topmargin}{-14.68423pt}.

[74 <./Figures//conf-matrix-first.png> <./Figures//conf-matrix-alex.png> <./Figures//conf-matrix-pretrained.png>]

Package fancyhdr Warning: \headheight is too small (12.0pt): 
(fancyhdr)                Make it at least 14.49998pt, for example:
(fancyhdr)                \setlength{\headheight}{14.49998pt}.
(fancyhdr)                You might also make \topmargin smaller to compensate:
(fancyhdr)                \addtolength{\topmargin}{-2.49998pt}.

[75 <./Figures/brain-tumr-results.png>])

Package fancyhdr Warning: \headheight is too small (12.0pt): 
(fancyhdr)                Make it at least 26.68423pt, for example:
(fancyhdr)                \setlength{\headheight}{26.68423pt}.
(fancyhdr)                You might also make \topmargin smaller to compensate:
(fancyhdr)                \addtolength{\topmargin}{-14.68423pt}.

[76]

Package fancyhdr Warning: \headheight is too small (12.0pt): 
(fancyhdr)                Make it at least 14.49998pt, for example:
(fancyhdr)                \setlength{\headheight}{14.49998pt}.
(fancyhdr)                You might also make \topmargin smaller to compensate:
(fancyhdr)                \addtolength{\topmargin}{-2.49998pt}.

[77]
Capitolo 6.
(Capitoli/ch6.tex [78

]
<Figures/roc-pneumonia-no-aug.png, id=916, 395.4775pt x 279.0425pt>
File: Figures/roc-pneumonia-no-aug.png Graphic file (type png)
<use Figures/roc-pneumonia-no-aug.png>
Package pdftex.def Info: Figures/roc-pneumonia-no-aug.png  used on input line 48.
(pdftex.def)             Requested size: 209.12683pt x 147.55544pt.
<Figures/roc-pneumonia-aug.png, id=917, 395.4775pt x 279.0425pt>
File: Figures/roc-pneumonia-aug.png Graphic file (type png)
<use Figures/roc-pneumonia-aug.png>
Package pdftex.def Info: Figures/roc-pneumonia-aug.png  used on input line 55.
(pdftex.def)             Requested size: 209.12683pt x 147.55544pt.
<Figures/roc-alexnet.png, id=918, 722.7pt x 481.8pt>
File: Figures/roc-alexnet.png Graphic file (type png)
<use Figures/roc-alexnet.png>
Package pdftex.def Info: Figures/roc-alexnet.png  used on input line 71.
(pdftex.def)             Requested size: 209.12683pt x 139.41699pt.
<Figures/ROC-pretrained.png, id=919, 722.7pt x 481.8pt>
File: Figures/ROC-pretrained.png Graphic file (type png)
<use Figures/ROC-pretrained.png>
Package pdftex.def Info: Figures/ROC-pretrained.png  used on input line 78.
(pdftex.def)             Requested size: 209.12683pt x 139.41699pt.
)

Package fancyhdr Warning: \headheight is too small (12.0pt): 
(fancyhdr)                Make it at least 14.49998pt, for example:
(fancyhdr)                \setlength{\headheight}{14.49998pt}.
(fancyhdr)                You might also make \topmargin smaller to compensate:
(fancyhdr)                \addtolength{\topmargin}{-2.49998pt}.

[79]

Package fancyhdr Warning: \headheight is too small (12.0pt): 
(fancyhdr)                Make it at least 14.49998pt, for example:
(fancyhdr)                \setlength{\headheight}{14.49998pt}.
(fancyhdr)                You might also make \topmargin smaller to compensate:
(fancyhdr)                \addtolength{\topmargin}{-2.49998pt}.

[80 <./Figures/roc-pneumonia-no-aug.png> <./Figures/roc-pneumonia-aug.png> <./Figures/roc-alexnet.png> <./Figures/ROC-pretrained.png>]
Capitolo 7.
(Capitoli/ch7.tex
LaTeX Font Info:    Font shape `OT1/Crimson-TLF/m/it' will be
(Font)              scaled to size 6.0pt on input line 4.
LaTeX Font Info:    Font shape `OT1/Crimson-TLF/b/n' will be
(Font)              scaled to size 6.0pt on input line 5.
 [81

]
LaTeX Font Info:    Trying to load font information for OMS+Crimson-TLF on input line 66.
LaTeX Font Info:    No file OMSCrimson-TLF.fd. on input line 66.


LaTeX Font Warning: Font shape `OMS/Crimson-TLF/m/n' undefined
(Font)              using `OMS/cmsy/m/n' instead
(Font)              for symbol `textbraceleft' on input line 66.


Overfull \hbox (64.15123pt too wide) in paragraph at lines 98--99
[][][][][][][][][][][][][][][][][][][][][][][][][][][][][][][][][][] 
 []


Package fancyhdr Warning: \headheight is too small (12.0pt): 
(fancyhdr)                Make it at least 14.49998pt, for example:
(fancyhdr)                \setlength{\headheight}{14.49998pt}.
(fancyhdr)                You might also make \topmargin smaller to compensate:
(fancyhdr)                \addtolength{\topmargin}{-2.49998pt}.

[82]
LaTeX Font Info:    Font shape `TS1/Crimson-TLF/m/n' will be
(Font)              scaled to size 6.0pt on input line 118.
LaTeX Font Info:    Trying to load font information for OML+Crimson-TLF on input line 127.
LaTeX Font Info:    No file OMLCrimson-TLF.fd. on input line 127.


LaTeX Font Warning: Font shape `OML/Crimson-TLF/m/n' undefined
(Font)              using `OML/cmm/m/it' instead
(Font)              for symbol `textless' on input line 127.


Overfull \hbox (49.75108pt too wide) in paragraph at lines 131--132
[][][][][][][][][][][][][][][][][][][][][][][][][][][][][][][][][][][][][][][][][][] 
 []


Package fancyhdr Warning: \headheight is too small (12.0pt): 
(fancyhdr)                Make it at least 14.49998pt, for example:
(fancyhdr)                \setlength{\headheight}{14.49998pt}.
(fancyhdr)                You might also make \topmargin smaller to compensate:
(fancyhdr)                \addtolength{\topmargin}{-2.49998pt}.

[83]

Package fancyhdr Warning: \headheight is too small (12.0pt): 
(fancyhdr)                Make it at least 14.49998pt, for example:
(fancyhdr)                \setlength{\headheight}{14.49998pt}.
(fancyhdr)                You might also make \topmargin smaller to compensate:
(fancyhdr)                \addtolength{\topmargin}{-2.49998pt}.

[84]

Package fancyhdr Warning: \headheight is too small (12.0pt): 
(fancyhdr)                Make it at least 14.49998pt, for example:
(fancyhdr)                \setlength{\headheight}{14.49998pt}.
(fancyhdr)                You might also make \topmargin smaller to compensate:
(fancyhdr)                \addtolength{\topmargin}{-2.49998pt}.

[85]
LaTeX Font Info:    Font shape `TS1/Crimson-TLF/m/it' will be
(Font)              scaled to size 6.0pt on input line 311.

Overfull \hbox (17.35075pt too wide) in paragraph at lines 326--327
[][][][][][][][][][][][][][][][][][][][][][][][][][][][][][][][][][][][][][][][][][][][][][][][][][][][][] 
 []


Overfull \hbox (49.75108pt too wide) in paragraph at lines 349--350
[][][][][][][][][][][][][][][][][][][][][][][][][][][][][][][][] 
 []


Package fancyhdr Warning: \headheight is too small (12.0pt): 
(fancyhdr)                Make it at least 14.49998pt, for example:
(fancyhdr)                \setlength{\headheight}{14.49998pt}.
(fancyhdr)                You might also make \topmargin smaller to compensate:
(fancyhdr)                \addtolength{\topmargin}{-2.49998pt}.

[86]
Overfull \hbox (71.3513pt too wide) in paragraph at lines 378--379
[][][][][][][][][][][][][][][][][][][][][][][][][][][][][][][][][][][][][][][][][] 
 []


Overfull \hbox (10.15068pt too wide) in paragraph at lines 379--380
[][][][][][][][][][][][][][][][][][][][][][][][][][][][][][][][][][][][][][][] 
 []


Overfull \hbox (17.35075pt too wide) in paragraph at lines 383--386
[][][][][][][][][][][][][][][][][][][][][][][][][][][][][][][][][][][] 
 []


Package fancyhdr Warning: \headheight is too small (12.0pt): 
(fancyhdr)                Make it at least 14.49998pt, for example:
(fancyhdr)                \setlength{\headheight}{14.49998pt}.
(fancyhdr)                You might also make \topmargin smaller to compensate:
(fancyhdr)                \addtolength{\topmargin}{-2.49998pt}.

[87]) (tesi.bbl

Package fancyhdr Warning: \headheight is too small (12.0pt): 
(fancyhdr)                Make it at least 14.49998pt, for example:
(fancyhdr)                \setlength{\headheight}{14.49998pt}.
(fancyhdr)                You might also make \topmargin smaller to compensate:
(fancyhdr)                \addtolength{\topmargin}{-2.49998pt}.

[88]
Capitolo 8.
[89

]
Overfull \hbox (15.9536pt too wide) in paragraph at lines 99--104
\OT1/cmtt/m/n/12 building-[]a-[]convolutional-[]neural-[]network-[]cnn-[]in-[]keras-[]329fbbadc5f5$[]\OT1/Crimson-TLF/m/n/12 ]. 
 []


Package fancyhdr Warning: \headheight is too small (12.0pt): 
(fancyhdr)                Make it at least 14.49998pt, for example:
(fancyhdr)                \setlength{\headheight}{14.49998pt}.
(fancyhdr)                You might also make \topmargin smaller to compensate:
(fancyhdr)                \addtolength{\topmargin}{-2.49998pt}.

[90]

Package fancyhdr Warning: \headheight is too small (12.0pt): 
(fancyhdr)                Make it at least 14.49998pt, for example:
(fancyhdr)                \setlength{\headheight}{14.49998pt}.
(fancyhdr)                You might also make \topmargin smaller to compensate:
(fancyhdr)                \addtolength{\topmargin}{-2.49998pt}.

[91]
Overfull \hbox (21.1286pt too wide) in paragraph at lines 162--166
\OT1/cmtt/m/n/12 mobilenetv2-[]inverted-[]residuals-[]and-[]linear-[]bottlenecks-[]8a4362f4ffd5$[]\OT1/Crimson-TLF/m/n/12 ]. 
 []

)

Package fancyhdr Warning: \headheight is too small (12.0pt): 
(fancyhdr)                Make it at least 14.49998pt, for example:
(fancyhdr)                \setlength{\headheight}{14.49998pt}.
(fancyhdr)                You might also make \topmargin smaller to compensate:
(fancyhdr)                \addtolength{\topmargin}{-2.49998pt}.

[92] (tesi.aux)
Package rerunfilecheck Info: File `tesi.out' has not changed.
(rerunfilecheck)             Checksum: 3A72536425848B92F59AA6276D29753B;2928.


LaTeX Font Warning: Some font shapes were not available, defaults substituted.


LaTeX Warning: There were multiply-defined labels.

 ) 
Here is how much of TeX's memory you used:
 26667 strings out of 480236
 489029 string characters out of 2890434
 1372347 words of memory out of 3000000
 41778 multiletter control sequences out of 15000+200000
 594128 words of font info for 78 fonts, out of 3000000 for 9000
 1141 hyphenation exceptions out of 8191
 89i,14n,99p,1073b,2215s stack positions out of 5000i,500n,10000p,200000b,50000s
pdfTeX warning (dest): name{Hfootnote.10} has been referenced but does not exist, replaced by a fixed one

pdfTeX warning (dest): name{Hfootnote.9} has been referenced but does not exist, replaced by a fixed one

pdfTeX warning (dest): name{Hfootnote.8} has been referenced but does not exist, replaced by a fixed one

pdfTeX warning (dest): name{Hfootnote.7} has been referenced but does not exist, replaced by a fixed one

pdfTeX warning (dest): name{Hfootnote.6} has been referenced but does not exist, replaced by a fixed one

pdfTeX warning (dest): name{Hfootnote.5} has been referenced but does not exist, replaced by a fixed one

pdfTeX warning (dest): name{Hfootnote.4} has been referenced but does not exist, replaced by a fixed one

pdfTeX warning (dest): name{Hfootnote.3} has been referenced but does not exist, replaced by a fixed one

pdfTeX warning (dest): name{Hfootnote.2} has been referenced but does not exist, replaced by a fixed one

pdfTeX warning (dest): name{Hfootnote.1} has been referenced but does not exist, replaced by a fixed one

{D:/Program Files/MiKTeX/fonts/enc/dvips/crimson/crm_myjoho.enc}{D:/Program Files/MiKTeX/fonts/enc/dvips/crimson/crm_axwm4k.enc}{D:/Program Files/MiKTeX/fonts/enc/dvips/crimson/crm_wttfgh.enc}{D:/Program Files/MiKTeX/fonts/enc/dvips/crimson/crm_qrsm2e.enc}<D:/Program Files/MiKTeX/fonts/type1/kosch/crimson/Crimson-Bold.pfb><D:/Program Files/MiKTeX/fonts/type1/kosch/crimson/Crimson-Italic.pfb><D:/Program Files/MiKTeX/fonts/type1/kosch/crimson/Crimson-Roman.pfb><D:/Program Files/MiKTeX/fonts/type1/public/amsfonts/cm/cmex10.pfb><D:/Program Files/MiKTeX/fonts/type1/public/amsfonts/cm/cmmi10.pfb><D:/Program Files/MiKTeX/fonts/type1/public/amsfonts/cm/cmmi12.pfb><D:/Program Files/MiKTeX/fonts/type1/public/amsfonts/cm/cmmi6.pfb><D:/Program Files/MiKTeX/fonts/type1/public/amsfonts/cm/cmmi8.pfb><D:/Program Files/MiKTeX/fonts/type1/public/amsfonts/cm/cmr10.pfb><D:/Program Files/MiKTeX/fonts/type1/public/amsfonts/cm/cmr12.pfb><D:/Program Files/MiKTeX/fonts/type1/public/amsfonts/cm/cmr8.pfb><D:/Program Files/MiKTeX/fonts/type1/public/amsfonts/cm/cmsltt10.pfb><D:/Program Files/MiKTeX/fonts/type1/public/amsfonts/cm/cmsy10.pfb><D:/Program Files/MiKTeX/fonts/type1/public/amsfonts/cm/cmsy6.pfb><D:/Program Files/MiKTeX/fonts/type1/public/amsfonts/cm/cmsy8.pfb><D:/Program Files/MiKTeX/fonts/type1/public/amsfonts/cm/cmtt10.pfb><D:/Program Files/MiKTeX/fonts/type1/public/amsfonts/cm/cmtt12.pfb>
Output written on tesi.pdf (93 pages, 5984992 bytes).
PDF statistics:
 1778 PDF objects out of 2073 (max. 8388607)
 861 named destinations out of 1000 (max. 500000)
 538 words of extra memory for PDF output out of 10000 (max. 10000000)

